# JRE version: OpenJDK Runtime Environment (11.0.11+9) (build 11.0.11+9-b60-7590822)
# Java VM: OpenJDK 64-Bit Server VM (11.0.11+9-b60-7590822, mixed mode, tiered, compressed oops, g1 gc, windows-amd64)
Heap:
 garbage-first heap   total 273408K, used 178775K [0x0000000080000000, 0x0000000100000000)
  region size 1024K, 2 young (2048K), 2 survivors (2048K)
 Metaspace       used 103248K, capacity 105567K, committed 105896K, reserved 1140736K
  class space    used 13156K, capacity 14030K, committed 14156K, reserved 1048576K
GC Heap History (20 events):
Event: 24.765 GC heap after
{Heap after GC invocations=21 (full 0):
 garbage-first heap   total 227328K, used 91376K [0x0000000080000000, 0x0000000100000000)
  region size 1024K, 10 young (10240K), 10 survivors (10240K)
 Metaspace       used 86485K, capacity 88610K, committed 88744K, reserved 1126400K
  class space    used 11184K, capacity 11988K, committed 12108K, reserved 1048576K
}
Event: 27.174 GC heap before
{Heap before GC invocations=21 (full 0):
 garbage-first heap   total 227328K, used 171248K [0x0000000080000000, 0x0000000100000000)
  region size 1024K, 89 young (91136K), 10 survivors (10240K)
 Metaspace       used 90022K, capacity 92200K, committed 92456K, reserved 1130496K
  class space    used 11637K, capacity 12472K, committed 12492K, reserved 1048576K
}
Event: 27.197 GC heap after
{Heap after GC invocations=22 (full 0):
 garbage-first heap   total 227328K, used 95685K [0x0000000080000000, 0x0000000100000000)
  region size 1024K, 7 young (7168K), 7 survivors (7168K)
 Metaspace       used 90022K, capacity 92200K, committed 92456K, reserved 1130496K
  class space    used 11637K, capacity 12472K, committed 12492K, reserved 1048576K
}
Event: 29.853 GC heap before
{Heap before GC invocations=22 (full 0):
 garbage-first heap   total 227328K, used 176581K [0x0000000080000000, 0x0000000100000000)
  region size 1024K, 85 young (87040K), 7 survivors (7168K)
 Metaspace       used 92938K, capacity 95100K, committed 95144K, reserved 1132544K
  class space    used 11974K, capacity 12832K, committed 12876K, reserved 1048576K
}
Event: 29.904 GC heap after
{Heap after GC invocations=23 (full 0):
 garbage-first heap   total 227328K, used 107520K [0x0000000080000000, 0x0000000100000000)
  region size 1024K, 11 young (11264K), 11 survivors (11264K)
 Metaspace       used 92938K, capacity 95100K, committed 95144K, reserved 1132544K
  class space    used 11974K, capacity 12832K, committed 12876K, reserved 1048576K
}
Event: 32.457 GC heap before
{Heap before GC invocations=23 (full 0):
 garbage-first heap   total 227328K, used 179200K [0x0000000080000000, 0x0000000100000000)
  region size 1024K, 79 young (80896K), 11 survivors (11264K)
 Metaspace       used 95080K, capacity 97316K, committed 97448K, reserved 1134592K
  class space    used 12240K, capacity 13114K, committed 13132K, reserved 1048576K
}
Event: 32.500 GC heap after
{Heap after GC invocations=24 (full 0):
 garbage-first heap   total 227328K, used 114483K [0x0000000080000000, 0x0000000100000000)
  region size 1024K, 9 young (9216K), 9 survivors (9216K)
 Metaspace       used 95080K, capacity 97316K, committed 97448K, reserved 1134592K
  class space    used 12240K, capacity 13114K, committed 13132K, reserved 1048576K
}
Event: 32.695 GC heap before
{Heap before GC invocations=24 (full 0):
 garbage-first heap   total 227328K, used 125747K [0x0000000080000000, 0x0000000100000000)
  region size 1024K, 22 young (22528K), 9 survivors (9216K)
 Metaspace       used 95279K, capacity 97552K, committed 97832K, reserved 1134592K
  class space    used 12261K, capacity 13150K, committed 13260K, reserved 1048576K
}
Event: 32.714 GC heap after
{Heap after GC invocations=25 (full 0):
 garbage-first heap   total 227328K, used 116317K [0x0000000080000000, 0x0000000100000000)
  region size 1024K, 3 young (3072K), 3 survivors (3072K)
 Metaspace       used 95279K, capacity 97552K, committed 97832K, reserved 1134592K
  class space    used 12261K, capacity 13150K, committed 13260K, reserved 1048576K
}
Event: 33.745 GC heap before
{Heap before GC invocations=26 (full 0):
 garbage-first heap   total 227328K, used 176733K [0x0000000080000000, 0x0000000100000000)
  region size 1024K, 57 young (58368K), 3 survivors (3072K)
 Metaspace       used 97098K, capacity 99374K, committed 99624K, reserved 1136640K
  class space    used 12349K, capacity 13198K, committed 13260K, reserved 1048576K
}
Event: 33.757 GC heap after
{Heap after GC invocations=27 (full 0):
 garbage-first heap   total 227328K, used 124988K [0x0000000080000000, 0x0000000100000000)
  region size 1024K, 7 young (7168K), 7 survivors (7168K)
 Metaspace       used 97098K, capacity 99374K, committed 99624K, reserved 1136640K
  class space    used 12349K, capacity 13198K, committed 13260K, reserved 1048576K
}
Event: 33.796 GC heap before
{Heap before GC invocations=27 (full 0):
 garbage-first heap   total 227328K, used 133180K [0x0000000080000000, 0x0000000100000000)
  region size 1024K, 11 young (11264K), 7 survivors (7168K)
 Metaspace       used 97105K, capacity 99374K, committed 99624K, reserved 1136640K
  class space    used 12350K, capacity 13198K, committed 13260K, reserved 1048576K
}
Event: 33.806 GC heap after
{Heap after GC invocations=28 (full 0):
 garbage-first heap   total 227328K, used 131400K [0x0000000080000000, 0x0000000100000000)
  region size 1024K, 2 young (2048K), 2 survivors (2048K)
 Metaspace       used 97105K, capacity 99374K, committed 99624K, reserved 1136640K
  class space    used 12350K, capacity 13198K, committed 13260K, reserved 1048576K
}
Event: 33.812 GC heap before
{Heap before GC invocations=28 (full 0):
 garbage-first heap   total 227328K, used 131400K [0x0000000080000000, 0x0000000100000000)
  region size 1024K, 4 young (4096K), 2 survivors (2048K)
 Metaspace       used 97105K, capacity 99374K, committed 99624K, reserved 1136640K
  class space    used 12350K, capacity 13198K, committed 13260K, reserved 1048576K
}
Event: 33.815 GC heap after
{Heap after GC invocations=29 (full 0):
 garbage-first heap   total 227328K, used 131539K [0x0000000080000000, 0x0000000100000000)
  region size 1024K, 3 young (3072K), 3 survivors (3072K)
 Metaspace       used 97105K, capacity 99374K, committed 99624K, reserved 1136640K
  class space    used 12350K, capacity 13198K, committed 13260K, reserved 1048576K
}
Event: 34.470 GC heap before
{Heap before GC invocations=30 (full 0):
 garbage-first heap   total 227328K, used 198099K [0x0000000080000000, 0x0000000100000000)
  region size 1024K, 33 young (33792K), 3 survivors (3072K)
 Metaspace       used 101852K, capacity 104150K, committed 104360K, reserved 1140736K
  class space    used 12979K, capacity 13812K, committed 13900K, reserved 1048576K
}
Event: 34.479 GC heap after
{Heap after GC invocations=31 (full 0):
 garbage-first heap   total 227328K, used 163272K [0x0000000080000000, 0x0000000100000000)
  region size 1024K, 5 young (5120K), 5 survivors (5120K)
 Metaspace       used 101852K, capacity 104150K, committed 104360K, reserved 1140736K
  class space    used 12979K, capacity 13812K, committed 13900K, reserved 1048576K
}
Event: 34.490 GC heap before
{Heap before GC invocations=31 (full 0):
 garbage-first heap   total 227328K, used 188872K [0x0000000080000000, 0x0000000100000000)
  region size 1024K, 11 young (11264K), 5 survivors (5120K)
 Metaspace       used 101895K, capacity 104182K, committed 104360K, reserved 1140736K
  class space    used 12985K, capacity 13844K, committed 13900K, reserved 1048576K
}
Event: 34.494 GC heap after
{Heap after GC invocations=32 (full 0):
 garbage-first heap   total 227328K, used 174249K [0x0000000080000000, 0x0000000100000000)
  region size 1024K, 2 young (2048K), 2 survivors (2048K)
 Metaspace       used 101895K, capacity 104182K, committed 104360K, reserved 1140736K
  class space    used 12985K, capacity 13844K, committed 13900K, reserved 1048576K
}
Event: 34.705 GC heap before
{Heap before GC invocations=32 (full 0):
 garbage-first heap   total 227328K, used 186537K [0x0000000080000000, 0x0000000100000000)
  region size 1024K, 15 young (15360K), 2 survivors (2048K)
 Metaspace       used 103248K, capacity 105567K, committed 105896K, reserved 1140736K
  class space    used 13156K, capacity 14030K, committed 14156K, reserved 1048576K
}

