# JRE version: OpenJDK Runtime Environment (11.0.11+9) (build 11.0.11+9-b60-7590822)
# Java VM: OpenJDK 64-Bit Server VM (11.0.11+9-b60-7590822, mixed mode, tiered, compressed oops, g1 gc, windows-amd64)
Heap:
 garbage-first heap   total 332800K, used 192430K [0x0000000080000000, 0x0000000100000000)
  region size 1024K, 2 young (2048K), 2 survivors (2048K)
 Metaspace       used 107146K, capacity 109732K, committed 109864K, reserved 1144832K
  class space    used 13662K, capacity 14677K, committed 14796K, reserved 1048576K
GC Heap History (20 events):
Event: 78.276 GC heap after
{Heap after GC invocations=43 (full 0):
 garbage-first heap   total 189440K, used 112776K [0x0000000080000000, 0x0000000100000000)
  region size 1024K, 2 young (2048K), 2 survivors (2048K)
 Metaspace       used 100489K, capacity 103053K, committed 103336K, reserved 1138688K
  class space    used 12810K, capacity 13811K, committed 13900K, reserved 1048576K
}
Event: 79.010 GC heap before
{Heap before GC invocations=44 (full 0):
 garbage-first heap   total 189440K, used 177288K [0x0000000080000000, 0x0000000100000000)
  region size 1024K, 42 young (43008K), 2 survivors (2048K)
 Metaspace       used 105614K, capacity 108204K, committed 108328K, reserved 1142784K
  class space    used 13483K, capacity 14464K, committed 14540K, reserved 1048576K
}
Event: 79.020 GC heap after
{Heap after GC invocations=45 (full 0):
 garbage-first heap   total 191488K, used 146250K [0x0000000080000000, 0x0000000100000000)
  region size 1024K, 6 young (6144K), 6 survivors (6144K)
 Metaspace       used 105614K, capacity 108204K, committed 108328K, reserved 1142784K
  class space    used 13483K, capacity 14464K, committed 14540K, reserved 1048576K
}
Event: 79.061 GC heap before
{Heap before GC invocations=45 (full 0):
 garbage-first heap   total 191488K, used 149322K [0x0000000080000000, 0x0000000100000000)
  region size 1024K, 9 young (9216K), 6 survivors (6144K)
 Metaspace       used 106408K, capacity 108968K, committed 109224K, reserved 1144832K
  class space    used 13570K, capacity 14570K, committed 14668K, reserved 1048576K
}
Event: 79.065 GC heap after
{Heap after GC invocations=46 (full 0):
 garbage-first heap   total 191488K, used 146510K [0x0000000080000000, 0x0000000100000000)
  region size 1024K, 1 young (1024K), 1 survivors (1024K)
 Metaspace       used 106408K, capacity 108968K, committed 109224K, reserved 1144832K
  class space    used 13570K, capacity 14570K, committed 14668K, reserved 1048576K
}
Event: 79.101 GC heap before
{Heap before GC invocations=46 (full 0):
 garbage-first heap   total 191488K, used 171086K [0x0000000080000000, 0x0000000100000000)
  region size 1024K, 7 young (7168K), 1 survivors (1024K)
 Metaspace       used 106864K, capacity 109433K, committed 109480K, reserved 1144832K
  class space    used 13635K, capacity 14642K, committed 14668K, reserved 1048576K
}
Event: 79.104 GC heap after
{Heap after GC invocations=47 (full 0):
 garbage-first heap   total 191488K, used 158882K [0x0000000080000000, 0x0000000100000000)
  region size 1024K, 3 young (3072K), 3 survivors (3072K)
 Metaspace       used 106864K, capacity 109433K, committed 109480K, reserved 1144832K
  class space    used 13635K, capacity 14642K, committed 14668K, reserved 1048576K
}
Event: 79.116 GC heap before
{Heap before GC invocations=47 (full 0):
 garbage-first heap   total 191488K, used 183458K [0x0000000080000000, 0x0000000100000000)
  region size 1024K, 10 young (10240K), 3 survivors (3072K)
 Metaspace       used 106867K, capacity 109433K, committed 109480K, reserved 1144832K
  class space    used 13635K, capacity 14642K, committed 14668K, reserved 1048576K
}
Event: 79.118 GC heap after
{Heap after GC invocations=48 (full 0):
 garbage-first heap   total 192512K, used 172097K [0x0000000080000000, 0x0000000100000000)
  region size 1024K, 2 young (2048K), 2 survivors (2048K)
 Metaspace       used 106867K, capacity 109433K, committed 109480K, reserved 1144832K
  class space    used 13635K, capacity 14642K, committed 14668K, reserved 1048576K
}
Event: 79.183 GC heap before
{Heap before GC invocations=48 (full 0):
 garbage-first heap   total 192512K, used 184385K [0x0000000080000000, 0x0000000100000000)
  region size 1024K, 9 young (9216K), 2 survivors (2048K)
 Metaspace       used 106925K, capacity 109497K, committed 109736K, reserved 1144832K
  class space    used 13638K, capacity 14642K, committed 14668K, reserved 1048576K
}
Event: 79.188 GC heap after
{Heap after GC invocations=49 (full 0):
 garbage-first heap   total 192512K, used 178392K [0x0000000080000000, 0x0000000100000000)
  region size 1024K, 2 young (2048K), 2 survivors (2048K)
 Metaspace       used 106925K, capacity 109497K, committed 109736K, reserved 1144832K
  class space    used 13638K, capacity 14642K, committed 14668K, reserved 1048576K
}
Event: 79.378 GC heap before
{Heap before GC invocations=49 (full 0):
 garbage-first heap   total 192512K, used 184536K [0x0000000080000000, 0x0000000100000000)
  region size 1024K, 9 young (9216K), 2 survivors (2048K)
 Metaspace       used 107142K, capacity 109732K, committed 109864K, reserved 1144832K
  class space    used 13662K, capacity 14677K, committed 14796K, reserved 1048576K
}
Event: 79.387 GC heap after
{Heap after GC invocations=50 (full 0):
 garbage-first heap   total 192512K, used 180762K [0x0000000080000000, 0x0000000100000000)
  region size 1024K, 2 young (2048K), 2 survivors (2048K)
 Metaspace       used 107142K, capacity 109732K, committed 109864K, reserved 1144832K
  class space    used 13662K, capacity 14677K, committed 14796K, reserved 1048576K
}
Event: 79.516 GC heap before
{Heap before GC invocations=50 (full 0):
 garbage-first heap   total 192512K, used 187930K [0x0000000080000000, 0x0000000100000000)
  region size 1024K, 9 young (9216K), 2 survivors (2048K)
 Metaspace       used 107145K, capacity 109732K, committed 109864K, reserved 1144832K
  class space    used 13662K, capacity 14677K, committed 14796K, reserved 1048576K
}
Event: 79.528 GC heap after
{Heap after GC invocations=51 (full 0):
 garbage-first heap   total 193536K, used 183450K [0x0000000080000000, 0x0000000100000000)
  region size 1024K, 2 young (2048K), 2 survivors (2048K)
 Metaspace       used 107145K, capacity 109732K, committed 109864K, reserved 1144832K
  class space    used 13662K, capacity 14677K, committed 14796K, reserved 1048576K
}
Event: 79.651 GC heap before
{Heap before GC invocations=51 (full 0):
 garbage-first heap   total 193536K, used 189594K [0x0000000080000000, 0x0000000100000000)
  region size 1024K, 9 young (9216K), 2 survivors (2048K)
 Metaspace       used 107145K, capacity 109732K, committed 109864K, reserved 1144832K
  class space    used 13662K, capacity 14677K, committed 14796K, reserved 1048576K
}
Event: 79.668 GC heap after
{Heap after GC invocations=52 (full 0):
 garbage-first heap   total 196608K, used 186671K [0x0000000080000000, 0x0000000100000000)
  region size 1024K, 2 young (2048K), 2 survivors (2048K)
 Metaspace       used 107145K, capacity 109732K, committed 109864K, reserved 1144832K
  class space    used 13662K, capacity 14677K, committed 14796K, reserved 1048576K
}
Event: 79.774 GC heap before
{Heap before GC invocations=53 (full 0):
 garbage-first heap   total 196608K, used 193839K [0x0000000080000000, 0x0000000100000000)
  region size 1024K, 9 young (9216K), 2 survivors (2048K)
 Metaspace       used 107145K, capacity 109732K, committed 109864K, reserved 1144832K
  class space    used 13662K, capacity 14677K, committed 14796K, reserved 1048576K
}
Event: 79.788 GC heap after
{Heap after GC invocations=54 (full 0):
 garbage-first heap   total 199680K, used 189687K [0x0000000080000000, 0x0000000100000000)
  region size 1024K, 2 young (2048K), 2 survivors (2048K)
 Metaspace       used 107145K, capacity 109732K, committed 109864K, reserved 1144832K
  class space    used 13662K, capacity 14677K, committed 14796K, reserved 1048576K
}
Event: 79.854 GC heap before
{Heap before GC invocations=54 (full 0):
 garbage-first heap   total 199680K, used 196855K [0x0000000080000000, 0x0000000100000000)
  region size 1024K, 9 young (9216K), 2 survivors (2048K)
 Metaspace       used 107146K, capacity 109732K, committed 109864K, reserved 1144832K
  class space    used 13662K, capacity 14677K, committed 14796K, reserved 1048576K
}

