# JRE version: OpenJDK Runtime Environment (11.0.11+9) (build 11.0.11+9-b60-7590822)
# Java VM: OpenJDK 64-Bit Server VM (11.0.11+9-b60-7590822, mixed mode, tiered, compressed oops, g1 gc, windows-amd64)
Heap:
 garbage-first heap   total 292864K, used 214628K [0x0000000080000000, 0x0000000100000000)
  region size 1024K, 2 young (2048K), 2 survivors (2048K)
 Metaspace       used 108351K, capacity 111043K, committed 111220K, reserved 1146880K
  class space    used 13796K, capacity 14790K, committed 14924K, reserved 1048576K
GC Heap History (20 events):
Event: 48.957 GC heap after
{Heap after GC invocations=29 (full 0):
 garbage-first heap   total 239616K, used 131184K [0x0000000080000000, 0x0000000100000000)
  region size 1024K, 4 young (4096K), 4 survivors (4096K)
 Metaspace       used 103822K, capacity 106423K, committed 106740K, reserved 1142784K
  class space    used 13237K, capacity 14229K, committed 14284K, reserved 1048576K
}
Event: 49.379 GC heap before
{Heap before GC invocations=30 (full 0):
 garbage-first heap   total 239616K, used 135280K [0x0000000080000000, 0x0000000100000000)
  region size 1024K, 5 young (5120K), 4 survivors (4096K)
 Metaspace       used 103822K, capacity 106423K, committed 106740K, reserved 1142784K
  class space    used 13237K, capacity 14229K, committed 14284K, reserved 1048576K
}
Event: 49.384 GC heap after
{Heap after GC invocations=31 (full 0):
 garbage-first heap   total 239616K, used 136179K [0x0000000080000000, 0x0000000100000000)
  region size 1024K, 3 young (3072K), 3 survivors (3072K)
 Metaspace       used 103822K, capacity 106423K, committed 106740K, reserved 1142784K
  class space    used 13237K, capacity 14229K, committed 14284K, reserved 1048576K
}
Event: 49.808 GC heap before
{Heap before GC invocations=32 (full 0):
 garbage-first heap   total 239616K, used 140275K [0x0000000080000000, 0x0000000100000000)
  region size 1024K, 5 young (5120K), 3 survivors (3072K)
 Metaspace       used 103822K, capacity 106423K, committed 106740K, reserved 1142784K
  class space    used 13237K, capacity 14229K, committed 14284K, reserved 1048576K
}
Event: 49.811 GC heap after
{Heap after GC invocations=33 (full 0):
 garbage-first heap   total 239616K, used 140463K [0x0000000080000000, 0x0000000100000000)
  region size 1024K, 5 young (5120K), 5 survivors (5120K)
 Metaspace       used 103822K, capacity 106423K, committed 106740K, reserved 1142784K
  class space    used 13237K, capacity 14229K, committed 14284K, reserved 1048576K
}
Event: 52.352 GC heap before
{Heap before GC invocations=34 (full 0):
 garbage-first heap   total 239616K, used 169135K [0x0000000080000000, 0x0000000100000000)
  region size 1024K, 30 young (30720K), 5 survivors (5120K)
 Metaspace       used 107792K, capacity 110407K, committed 110580K, reserved 1144832K
  class space    used 13723K, capacity 14683K, committed 14796K, reserved 1048576K
}
Event: 52.360 GC heap after
{Heap after GC invocations=35 (full 0):
 garbage-first heap   total 239616K, used 147956K [0x0000000080000000, 0x0000000100000000)
  region size 1024K, 5 young (5120K), 5 survivors (5120K)
 Metaspace       used 107792K, capacity 110407K, committed 110580K, reserved 1144832K
  class space    used 13723K, capacity 14683K, committed 14796K, reserved 1048576K
}
Event: 52.932 GC heap before
{Heap before GC invocations=35 (full 0):
 garbage-first heap   total 239616K, used 223732K [0x0000000080000000, 0x0000000100000000)
  region size 1024K, 36 young (36864K), 5 survivors (5120K)
 Metaspace       used 108322K, capacity 110979K, committed 111220K, reserved 1146880K
  class space    used 13794K, capacity 14790K, committed 14924K, reserved 1048576K
}
Event: 52.949 GC heap after
{Heap after GC invocations=36 (full 0):
 garbage-first heap   total 243712K, used 184219K [0x0000000080000000, 0x0000000100000000)
  region size 1024K, 5 young (5120K), 5 survivors (5120K)
 Metaspace       used 108322K, capacity 110979K, committed 111220K, reserved 1146880K
  class space    used 13794K, capacity 14790K, committed 14924K, reserved 1048576K
}
Event: 53.086 GC heap before
{Heap before GC invocations=37 (full 0):
 garbage-first heap   total 243712K, used 200603K [0x0000000080000000, 0x0000000100000000)
  region size 1024K, 22 young (22528K), 5 survivors (5120K)
 Metaspace       used 108324K, capacity 110979K, committed 111220K, reserved 1146880K
  class space    used 13794K, capacity 14790K, committed 14924K, reserved 1048576K
}
Event: 53.104 GC heap after
{Heap after GC invocations=38 (full 0):
 garbage-first heap   total 243712K, used 191840K [0x0000000080000000, 0x0000000100000000)
  region size 1024K, 3 young (3072K), 3 survivors (3072K)
 Metaspace       used 108324K, capacity 110979K, committed 111220K, reserved 1146880K
  class space    used 13794K, capacity 14790K, committed 14924K, reserved 1048576K
}
Event: 53.134 GC heap before
{Heap before GC invocations=38 (full 0):
 garbage-first heap   total 243712K, used 194912K [0x0000000080000000, 0x0000000100000000)
  region size 1024K, 7 young (7168K), 3 survivors (3072K)
 Metaspace       used 108325K, capacity 110979K, committed 111220K, reserved 1146880K
  class space    used 13794K, capacity 14790K, committed 14924K, reserved 1048576K
}
Event: 53.149 GC heap after
{Heap after GC invocations=39 (full 0):
 garbage-first heap   total 243712K, used 194396K [0x0000000080000000, 0x0000000100000000)
  region size 1024K, 2 young (2048K), 2 survivors (2048K)
 Metaspace       used 108325K, capacity 110979K, committed 111220K, reserved 1146880K
  class space    used 13794K, capacity 14790K, committed 14924K, reserved 1048576K
}
Event: 53.317 GC heap before
{Heap before GC invocations=39 (full 0):
 garbage-first heap   total 243712K, used 205660K [0x0000000080000000, 0x0000000100000000)
  region size 1024K, 12 young (12288K), 2 survivors (2048K)
 Metaspace       used 108334K, capacity 110979K, committed 111220K, reserved 1146880K
  class space    used 13794K, capacity 14790K, committed 14924K, reserved 1048576K
}
Event: 53.334 GC heap after
{Heap after GC invocations=40 (full 0):
 garbage-first heap   total 243712K, used 199640K [0x0000000080000000, 0x0000000100000000)
  region size 1024K, 2 young (2048K), 2 survivors (2048K)
 Metaspace       used 108334K, capacity 110979K, committed 111220K, reserved 1146880K
  class space    used 13794K, capacity 14790K, committed 14924K, reserved 1048576K
}
Event: 53.508 GC heap before
{Heap before GC invocations=40 (full 0):
 garbage-first heap   total 243712K, used 209880K [0x0000000080000000, 0x0000000100000000)
  region size 1024K, 11 young (11264K), 2 survivors (2048K)
 Metaspace       used 108351K, capacity 111043K, committed 111220K, reserved 1146880K
  class space    used 13796K, capacity 14790K, committed 14924K, reserved 1048576K
}
Event: 53.527 GC heap after
{Heap after GC invocations=41 (full 0):
 garbage-first heap   total 243712K, used 204632K [0x0000000080000000, 0x0000000100000000)
  region size 1024K, 2 young (2048K), 2 survivors (2048K)
 Metaspace       used 108351K, capacity 111043K, committed 111220K, reserved 1146880K
  class space    used 13796K, capacity 14790K, committed 14924K, reserved 1048576K
}
Event: 53.730 GC heap before
{Heap before GC invocations=41 (full 0):
 garbage-first heap   total 243712K, used 212824K [0x0000000080000000, 0x0000000100000000)
  region size 1024K, 11 young (11264K), 2 survivors (2048K)
 Metaspace       used 108351K, capacity 111043K, committed 111220K, reserved 1146880K
  class space    used 13796K, capacity 14790K, committed 14924K, reserved 1048576K
}
Event: 53.749 GC heap after
{Heap after GC invocations=42 (full 0):
 garbage-first heap   total 243712K, used 208398K [0x0000000080000000, 0x0000000100000000)
  region size 1024K, 2 young (2048K), 2 survivors (2048K)
 Metaspace       used 108351K, capacity 111043K, committed 111220K, reserved 1146880K
  class space    used 13796K, capacity 14790K, committed 14924K, reserved 1048576K
}
Event: 53.943 GC heap before
{Heap before GC invocations=43 (full 0):
 garbage-first heap   total 243712K, used 218638K [0x0000000080000000, 0x0000000100000000)
  region size 1024K, 11 young (11264K), 2 survivors (2048K)
 Metaspace       used 108351K, capacity 111043K, committed 111220K, reserved 1146880K
  class space    used 13796K, capacity 14790K, committed 14924K, reserved 1048576K
}

