# JRE version: OpenJDK Runtime Environment (11.0.11+9) (build 11.0.11+9-b60-7590822)
# Java VM: OpenJDK 64-Bit Server VM (11.0.11+9-b60-7590822, mixed mode, tiered, compressed oops, g1 gc, windows-amd64)
Heap:
 garbage-first heap   total 157696K, used 129626K [0x0000000080000000, 0x0000000100000000)
  region size 1024K, 19 young (19456K), 3 survivors (3072K)
 Metaspace       used 95966K, capacity 98367K, committed 98596K, reserved 1134592K
  class space    used 12306K, capacity 13188K, committed 13312K, reserved 1048576K
GC Heap History (20 events):
Event: 150.842 GC heap before
{Heap before GC invocations=50 (full 0):
 garbage-first heap   total 131072K, used 111992K [0x0000000080000000, 0x0000000100000000)
  region size 1024K, 14 young (14336K), 1 survivors (1024K)
 Metaspace       used 94099K, capacity 96331K, committed 96548K, reserved 1132544K
  class space    used 12153K, capacity 13022K, committed 13056K, reserved 1048576K
}
Event: 150.850 GC heap after
{Heap after GC invocations=51 (full 0):
 garbage-first heap   total 131072K, used 101872K [0x0000000080000000, 0x0000000100000000)
  region size 1024K, 2 young (2048K), 2 survivors (2048K)
 Metaspace       used 94099K, capacity 96331K, committed 96548K, reserved 1132544K
  class space    used 12153K, capacity 13022K, committed 13056K, reserved 1048576K
}
Event: 151.514 GC heap before
{Heap before GC invocations=52 (full 0):
 garbage-first heap   total 131072K, used 113136K [0x0000000080000000, 0x0000000100000000)
  region size 1024K, 13 young (13312K), 2 survivors (2048K)
 Metaspace       used 94099K, capacity 96331K, committed 96548K, reserved 1132544K
  class space    used 12153K, capacity 13022K, committed 13056K, reserved 1048576K
}
Event: 151.521 GC heap after
{Heap after GC invocations=53 (full 0):
 garbage-first heap   total 131072K, used 102999K [0x0000000080000000, 0x0000000100000000)
  region size 1024K, 2 young (2048K), 2 survivors (2048K)
 Metaspace       used 94099K, capacity 96331K, committed 96548K, reserved 1132544K
  class space    used 12153K, capacity 13022K, committed 13056K, reserved 1048576K
}
Event: 151.724 GC heap before
{Heap before GC invocations=53 (full 0):
 garbage-first heap   total 131072K, used 107095K [0x0000000080000000, 0x0000000100000000)
  region size 1024K, 6 young (6144K), 2 survivors (2048K)
 Metaspace       used 94102K, capacity 96332K, committed 96548K, reserved 1132544K
  class space    used 12153K, capacity 13022K, committed 13056K, reserved 1048576K
}
Event: 151.735 GC heap after
{Heap after GC invocations=54 (full 0):
 garbage-first heap   total 131072K, used 100956K [0x0000000080000000, 0x0000000100000000)
  region size 1024K, 1 young (1024K), 1 survivors (1024K)
 Metaspace       used 94102K, capacity 96332K, committed 96548K, reserved 1132544K
  class space    used 12153K, capacity 13022K, committed 13056K, reserved 1048576K
}
Event: 152.356 GC heap before
{Heap before GC invocations=54 (full 0):
 garbage-first heap   total 131072K, used 111196K [0x0000000080000000, 0x0000000100000000)
  region size 1024K, 12 young (12288K), 1 survivors (1024K)
 Metaspace       used 94107K, capacity 96333K, committed 96548K, reserved 1132544K
  class space    used 12153K, capacity 13022K, committed 13056K, reserved 1048576K
}
Event: 152.364 GC heap after
{Heap after GC invocations=55 (full 0):
 garbage-first heap   total 131072K, used 102527K [0x0000000080000000, 0x0000000100000000)
  region size 1024K, 2 young (2048K), 2 survivors (2048K)
 Metaspace       used 94107K, capacity 96333K, committed 96548K, reserved 1132544K
  class space    used 12153K, capacity 13022K, committed 13056K, reserved 1048576K
}
Event: 152.917 GC heap before
{Heap before GC invocations=56 (full 0):
 garbage-first heap   total 131072K, used 110719K [0x0000000080000000, 0x0000000100000000)
  region size 1024K, 11 young (11264K), 2 survivors (2048K)
 Metaspace       used 94130K, capacity 96403K, committed 96548K, reserved 1132544K
  class space    used 12154K, capacity 13023K, committed 13056K, reserved 1048576K
}
Event: 152.926 GC heap after
{Heap after GC invocations=57 (full 0):
 garbage-first heap   total 131072K, used 103502K [0x0000000080000000, 0x0000000100000000)
  region size 1024K, 2 young (2048K), 2 survivors (2048K)
 Metaspace       used 94130K, capacity 96403K, committed 96548K, reserved 1132544K
  class space    used 12154K, capacity 13023K, committed 13056K, reserved 1048576K
}
Event: 153.125 GC heap before
{Heap before GC invocations=57 (full 0):
 garbage-first heap   total 131072K, used 106574K [0x0000000080000000, 0x0000000100000000)
  region size 1024K, 6 young (6144K), 2 survivors (2048K)
 Metaspace       used 94132K, capacity 96403K, committed 96548K, reserved 1132544K
  class space    used 12154K, capacity 13023K, committed 13056K, reserved 1048576K
}
Event: 153.142 GC heap after
{Heap after GC invocations=58 (full 0):
 garbage-first heap   total 157696K, used 101995K [0x0000000080000000, 0x0000000100000000)
  region size 1024K, 1 young (1024K), 1 survivors (1024K)
 Metaspace       used 94132K, capacity 96403K, committed 96548K, reserved 1132544K
  class space    used 12154K, capacity 13023K, committed 13056K, reserved 1048576K
}
Event: 155.748 GC heap before
{Heap before GC invocations=58 (full 0):
 garbage-first heap   total 157696K, used 121451K [0x0000000080000000, 0x0000000100000000)
  region size 1024K, 21 young (21504K), 1 survivors (1024K)
 Metaspace       used 94146K, capacity 96403K, committed 96548K, reserved 1132544K
  class space    used 12154K, capacity 13023K, committed 13056K, reserved 1048576K
}
Event: 155.757 GC heap after
{Heap after GC invocations=59 (full 0):
 garbage-first heap   total 157696K, used 104065K [0x0000000080000000, 0x0000000100000000)
  region size 1024K, 3 young (3072K), 3 survivors (3072K)
 Metaspace       used 94146K, capacity 96403K, committed 96548K, reserved 1132544K
  class space    used 12154K, capacity 13023K, committed 13056K, reserved 1048576K
}
Event: 160.396 GC heap before
{Heap before GC invocations=59 (full 0):
 garbage-first heap   total 157696K, used 123521K [0x0000000080000000, 0x0000000100000000)
  region size 1024K, 23 young (23552K), 3 survivors (3072K)
 Metaspace       used 94368K, capacity 96629K, committed 96804K, reserved 1132544K
  class space    used 12180K, capacity 13034K, committed 13056K, reserved 1048576K
}
Event: 160.404 GC heap after
{Heap after GC invocations=60 (full 0):
 garbage-first heap   total 157696K, used 105483K [0x0000000080000000, 0x0000000100000000)
  region size 1024K, 3 young (3072K), 3 survivors (3072K)
 Metaspace       used 94368K, capacity 96629K, committed 96804K, reserved 1132544K
  class space    used 12180K, capacity 13034K, committed 13056K, reserved 1048576K
}
Event: 253.635 GC heap before
{Heap before GC invocations=60 (full 0):
 garbage-first heap   total 157696K, used 125963K [0x0000000080000000, 0x0000000100000000)
  region size 1024K, 23 young (23552K), 3 survivors (3072K)
 Metaspace       used 95305K, capacity 97664K, committed 97700K, reserved 1134592K
  class space    used 12297K, capacity 13171K, committed 13184K, reserved 1048576K
}
Event: 253.645 GC heap after
{Heap after GC invocations=61 (full 0):
 garbage-first heap   total 157696K, used 107914K [0x0000000080000000, 0x0000000100000000)
  region size 1024K, 3 young (3072K), 3 survivors (3072K)
 Metaspace       used 95305K, capacity 97664K, committed 97700K, reserved 1134592K
  class space    used 12297K, capacity 13171K, committed 13184K, reserved 1048576K
}
Event: 265.283 GC heap before
{Heap before GC invocations=61 (full 0):
 garbage-first heap   total 157696K, used 127370K [0x0000000080000000, 0x0000000100000000)
  region size 1024K, 23 young (23552K), 3 survivors (3072K)
 Metaspace       used 95557K, capacity 97907K, committed 97956K, reserved 1134592K
  class space    used 12299K, capacity 13175K, committed 13184K, reserved 1048576K
}
Event: 265.292 GC heap after
{Heap after GC invocations=62 (full 0):
 garbage-first heap   total 157696K, used 109151K [0x0000000080000000, 0x0000000100000000)
  region size 1024K, 2 young (2048K), 2 survivors (2048K)
 Metaspace       used 95557K, capacity 97907K, committed 97956K, reserved 1134592K
  class space    used 12299K, capacity 13175K, committed 13184K, reserved 1048576K
}

