# JRE version: OpenJDK Runtime Environment (11.0.11+9) (build 11.0.11+9-b60-7590822)
# Java VM: OpenJDK 64-Bit Server VM (11.0.11+9-b60-7590822, mixed mode, tiered, compressed oops, g1 gc, windows-amd64)
Heap:
 garbage-first heap   total 273408K, used 148480K [0x0000000080000000, 0x0000000100000000)
  region size 1024K, 6 young (6144K), 6 survivors (6144K)
 Metaspace       used 110746K, capacity 113459K, committed 113576K, reserved 1148928K
  class space    used 13991K, capacity 15097K, committed 15180K, reserved 1048576K
GC Heap History (20 events):
Event: 41.714 GC heap after
{Heap after GC invocations=29 (full 0):
 garbage-first heap   total 227328K, used 101276K [0x0000000080000000, 0x0000000100000000)
  region size 1024K, 1 young (1024K), 1 survivors (1024K)
 Metaspace       used 96621K, capacity 98813K, committed 99112K, reserved 1136640K
  class space    used 12068K, capacity 12911K, committed 13004K, reserved 1048576K
}
Event: 43.413 GC heap before
{Heap before GC invocations=29 (full 0):
 garbage-first heap   total 227328K, used 180124K [0x0000000080000000, 0x0000000100000000)
  region size 1024K, 78 young (79872K), 1 survivors (1024K)
 Metaspace       used 100341K, capacity 102548K, committed 102824K, reserved 1138688K
  class space    used 12514K, capacity 13339K, committed 13388K, reserved 1048576K
}
Event: 43.425 GC heap after
{Heap after GC invocations=30 (full 0):
 garbage-first heap   total 227328K, used 105380K [0x0000000080000000, 0x0000000100000000)
  region size 1024K, 5 young (5120K), 5 survivors (5120K)
 Metaspace       used 100341K, capacity 102548K, committed 102824K, reserved 1138688K
  class space    used 12514K, capacity 13339K, committed 13388K, reserved 1048576K
}
Event: 44.942 GC heap before
{Heap before GC invocations=30 (full 0):
 garbage-first heap   total 227328K, used 181156K [0x0000000080000000, 0x0000000100000000)
  region size 1024K, 80 young (81920K), 5 survivors (5120K)
 Metaspace       used 100569K, capacity 102748K, committed 102824K, reserved 1138688K
  class space    used 12531K, capacity 13376K, committed 13388K, reserved 1048576K
}
Event: 44.960 GC heap after
{Heap after GC invocations=31 (full 0):
 garbage-first heap   total 227328K, used 110781K [0x0000000080000000, 0x0000000100000000)
  region size 1024K, 10 young (10240K), 10 survivors (10240K)
 Metaspace       used 100569K, capacity 102748K, committed 102824K, reserved 1138688K
  class space    used 12531K, capacity 13376K, committed 13388K, reserved 1048576K
}
Event: 46.679 GC heap before
{Heap before GC invocations=31 (full 0):
 garbage-first heap   total 227328K, used 183485K [0x0000000080000000, 0x0000000100000000)
  region size 1024K, 82 young (83968K), 10 survivors (10240K)
 Metaspace       used 101525K, capacity 103795K, committed 103976K, reserved 1140736K
  class space    used 12618K, capacity 13472K, committed 13516K, reserved 1048576K
}
Event: 46.712 GC heap after
{Heap after GC invocations=32 (full 0):
 garbage-first heap   total 227328K, used 114746K [0x0000000080000000, 0x0000000100000000)
  region size 1024K, 7 young (7168K), 7 survivors (7168K)
 Metaspace       used 101525K, capacity 103795K, committed 103976K, reserved 1140736K
  class space    used 12618K, capacity 13472K, committed 13516K, reserved 1048576K
}
Event: 46.894 GC heap before
{Heap before GC invocations=32 (full 0):
 garbage-first heap   total 227328K, used 128058K [0x0000000080000000, 0x0000000100000000)
  region size 1024K, 21 young (21504K), 7 survivors (7168K)
 Metaspace       used 101973K, capacity 104296K, committed 104616K, reserved 1140736K
  class space    used 12675K, capacity 13555K, committed 13644K, reserved 1048576K
}
Event: 46.908 GC heap after
{Heap after GC invocations=33 (full 0):
 garbage-first heap   total 227328K, used 115790K [0x0000000080000000, 0x0000000100000000)
  region size 1024K, 2 young (2048K), 2 survivors (2048K)
 Metaspace       used 101973K, capacity 104296K, committed 104616K, reserved 1140736K
  class space    used 12675K, capacity 13555K, committed 13644K, reserved 1048576K
}
Event: 49.679 GC heap before
{Heap before GC invocations=34 (full 0):
 garbage-first heap   total 227328K, used 187470K [0x0000000080000000, 0x0000000100000000)
  region size 1024K, 67 young (68608K), 2 survivors (2048K)
 Metaspace       used 104224K, capacity 106559K, committed 106664K, reserved 1142784K
  class space    used 12988K, capacity 13886K, committed 13900K, reserved 1048576K
}
Event: 49.692 GC heap after
{Heap after GC invocations=35 (full 0):
 garbage-first heap   total 227328K, used 128295K [0x0000000080000000, 0x0000000100000000)
  region size 1024K, 9 young (9216K), 9 survivors (9216K)
 Metaspace       used 104224K, capacity 106559K, committed 106664K, reserved 1142784K
  class space    used 12988K, capacity 13886K, committed 13900K, reserved 1048576K
}
Event: 49.723 GC heap before
{Heap before GC invocations=35 (full 0):
 garbage-first heap   total 227328K, used 129319K [0x0000000080000000, 0x0000000100000000)
  region size 1024K, 11 young (11264K), 9 survivors (9216K)
 Metaspace       used 104266K, capacity 106626K, committed 106664K, reserved 1142784K
  class space    used 12994K, capacity 13886K, committed 13900K, reserved 1048576K
}
Event: 49.735 GC heap after
{Heap after GC invocations=36 (full 0):
 garbage-first heap   total 227328K, used 121607K [0x0000000080000000, 0x0000000100000000)
  region size 1024K, 2 young (2048K), 2 survivors (2048K)
 Metaspace       used 104266K, capacity 106626K, committed 106664K, reserved 1142784K
  class space    used 12994K, capacity 13886K, committed 13900K, reserved 1048576K
}
Event: 51.650 GC heap before
{Heap before GC invocations=36 (full 0):
 garbage-first heap   total 227328K, used 179975K [0x0000000080000000, 0x0000000100000000)
  region size 1024K, 61 young (62464K), 2 survivors (2048K)
 Metaspace       used 106262K, capacity 108751K, committed 109096K, reserved 1144832K
  class space    used 13258K, capacity 14190K, committed 14284K, reserved 1048576K
}
Event: 51.673 GC heap after
{Heap after GC invocations=37 (full 0):
 garbage-first heap   total 227328K, used 134134K [0x0000000080000000, 0x0000000100000000)
  region size 1024K, 8 young (8192K), 8 survivors (8192K)
 Metaspace       used 106262K, capacity 108751K, committed 109096K, reserved 1144832K
  class space    used 13258K, capacity 14190K, committed 14284K, reserved 1048576K
}
Event: 52.583 GC heap before
{Heap before GC invocations=38 (full 0):
 garbage-first heap   total 227328K, used 182262K [0x0000000080000000, 0x0000000100000000)
  region size 1024K, 55 young (56320K), 8 survivors (8192K)
 Metaspace       used 109079K, capacity 111711K, committed 111912K, reserved 1146880K
  class space    used 13710K, capacity 14747K, committed 14796K, reserved 1048576K
}
Event: 52.620 GC heap after
{Heap after GC invocations=39 (full 0):
 garbage-first heap   total 227328K, used 141581K [0x0000000080000000, 0x0000000100000000)
  region size 1024K, 7 young (7168K), 7 survivors (7168K)
 Metaspace       used 109079K, capacity 111711K, committed 111912K, reserved 1146880K
  class space    used 13710K, capacity 14747K, committed 14796K, reserved 1048576K
}
Event: 52.653 GC heap before
{Heap before GC invocations=39 (full 0):
 garbage-first heap   total 227328K, used 145677K [0x0000000080000000, 0x0000000100000000)
  region size 1024K, 11 young (11264K), 7 survivors (7168K)
 Metaspace       used 109230K, capacity 111848K, committed 111912K, reserved 1146880K
  class space    used 13734K, capacity 14750K, committed 14796K, reserved 1048576K
}
Event: 52.673 GC heap after
{Heap after GC invocations=40 (full 0):
 garbage-first heap   total 227328K, used 142348K [0x0000000080000000, 0x0000000100000000)
  region size 1024K, 2 young (2048K), 2 survivors (2048K)
 Metaspace       used 109230K, capacity 111848K, committed 111912K, reserved 1146880K
  class space    used 13734K, capacity 14750K, committed 14796K, reserved 1048576K
}
Event: 52.993 GC heap before
{Heap before GC invocations=40 (full 0):
 garbage-first heap   total 227328K, used 183308K [0x0000000080000000, 0x0000000100000000)
  region size 1024K, 42 young (43008K), 2 survivors (2048K)
 Metaspace       used 110746K, capacity 113459K, committed 113576K, reserved 1148928K
  class space    used 13991K, capacity 15097K, committed 15180K, reserved 1048576K
}

