# JRE version: OpenJDK Runtime Environment (11.0.11+9) (build 11.0.11+9-b60-7590822)
# Java VM: OpenJDK 64-Bit Server VM (11.0.11+9-b60-7590822, mixed mode, tiered, compressed oops, g1 gc, windows-amd64)
Heap:
 garbage-first heap   total 253952K, used 151179K [0x0000000080000000, 0x0000000100000000)
  region size 1024K, 6 young (6144K), 1 survivors (1024K)
 Metaspace       used 134905K, capacity 139217K, committed 139376K, reserved 1171456K
  class space    used 16713K, capacity 18336K, committed 18456K, reserved 1048576K
GC Heap History (20 events):
Event: 999.062 GC heap before
{Heap before GC invocations=134 (full 0):
 garbage-first heap   total 253952K, used 153320K [0x0000000080000000, 0x0000000100000000)
  region size 1024K, 12 young (12288K), 4 survivors (4096K)
 Metaspace       used 134345K, capacity 138526K, committed 138736K, reserved 1169408K
  class space    used 16678K, capacity 18274K, committed 18328K, reserved 1048576K
}
Event: 999.088 GC heap after
{Heap after GC invocations=135 (full 0):
 garbage-first heap   total 253952K, used 144830K [0x0000000080000000, 0x0000000100000000)
  region size 1024K, 1 young (1024K), 1 survivors (1024K)
 Metaspace       used 134345K, capacity 138526K, committed 138736K, reserved 1169408K
  class space    used 16678K, capacity 18274K, committed 18328K, reserved 1048576K
}
Event: 999.494 GC heap before
{Heap before GC invocations=135 (full 0):
 garbage-first heap   total 253952K, used 156094K [0x0000000080000000, 0x0000000100000000)
  region size 1024K, 14 young (14336K), 1 survivors (1024K)
 Metaspace       used 134361K, capacity 138541K, committed 138736K, reserved 1169408K
  class space    used 16681K, capacity 18279K, committed 18328K, reserved 1048576K
}
Event: 999.506 GC heap after
{Heap after GC invocations=136 (full 0):
 garbage-first heap   total 253952K, used 147709K [0x0000000080000000, 0x0000000100000000)
  region size 1024K, 4 young (4096K), 4 survivors (4096K)
 Metaspace       used 134361K, capacity 138541K, committed 138736K, reserved 1169408K
  class space    used 16681K, capacity 18279K, committed 18328K, reserved 1048576K
}
Event: 1001.648 GC heap before
{Heap before GC invocations=137 (full 0):
 garbage-first heap   total 253952K, used 197885K [0x0000000080000000, 0x0000000100000000)
  region size 1024K, 53 young (54272K), 4 survivors (4096K)
 Metaspace       used 134460K, capacity 138648K, committed 138736K, reserved 1169408K
  class space    used 16685K, capacity 18287K, committed 18328K, reserved 1048576K
}
Event: 1001.656 GC heap after
{Heap after GC invocations=138 (full 0):
 garbage-first heap   total 253952K, used 149019K [0x0000000080000000, 0x0000000100000000)
  region size 1024K, 4 young (4096K), 4 survivors (4096K)
 Metaspace       used 134460K, capacity 138648K, committed 138736K, reserved 1169408K
  class space    used 16685K, capacity 18287K, committed 18328K, reserved 1048576K
}
Event: 1015.673 GC heap before
{Heap before GC invocations=138 (full 0):
 garbage-first heap   total 253952K, used 174619K [0x0000000080000000, 0x0000000100000000)
  region size 1024K, 12 young (12288K), 4 survivors (4096K)
 Metaspace       used 134517K, capacity 138685K, committed 138736K, reserved 1169408K
  class space    used 16690K, capacity 18295K, committed 18328K, reserved 1048576K
}
Event: 1015.702 GC heap after
{Heap after GC invocations=139 (full 0):
 garbage-first heap   total 253952K, used 136971K [0x0000000080000000, 0x0000000100000000)
  region size 1024K, 2 young (2048K), 2 survivors (2048K)
 Metaspace       used 134517K, capacity 138685K, committed 138736K, reserved 1169408K
  class space    used 16690K, capacity 18295K, committed 18328K, reserved 1048576K
}
Event: 1016.642 GC heap before
{Heap before GC invocations=139 (full 0):
 garbage-first heap   total 253952K, used 195339K [0x0000000080000000, 0x0000000100000000)
  region size 1024K, 60 young (61440K), 2 survivors (2048K)
 Metaspace       used 134726K, capacity 138976K, committed 139120K, reserved 1169408K
  class space    used 16710K, capacity 18331K, committed 18456K, reserved 1048576K
}
Event: 1016.667 GC heap after
{Heap after GC invocations=140 (full 0):
 garbage-first heap   total 253952K, used 143163K [0x0000000080000000, 0x0000000100000000)
  region size 1024K, 8 young (8192K), 8 survivors (8192K)
 Metaspace       used 134726K, capacity 138976K, committed 139120K, reserved 1169408K
  class space    used 16710K, capacity 18331K, committed 18456K, reserved 1048576K
}
Event: 1021.247 GC heap before
{Heap before GC invocations=141 (full 0):
 garbage-first heap   total 253952K, used 199483K [0x0000000080000000, 0x0000000100000000)
  region size 1024K, 64 young (65536K), 8 survivors (8192K)
 Metaspace       used 134830K, capacity 139071K, committed 139376K, reserved 1171456K
  class space    used 16712K, capacity 18334K, committed 18456K, reserved 1048576K
}
Event: 1021.266 GC heap after
{Heap after GC invocations=142 (full 0):
 garbage-first heap   total 253952K, used 145342K [0x0000000080000000, 0x0000000100000000)
  region size 1024K, 3 young (3072K), 3 survivors (3072K)
 Metaspace       used 134830K, capacity 139071K, committed 139376K, reserved 1171456K
  class space    used 16712K, capacity 18334K, committed 18456K, reserved 1048576K
}
Event: 1021.325 GC heap before
{Heap before GC invocations=142 (full 0):
 garbage-first heap   total 253952K, used 153534K [0x0000000080000000, 0x0000000100000000)
  region size 1024K, 12 young (12288K), 3 survivors (3072K)
 Metaspace       used 134841K, capacity 139136K, committed 139376K, reserved 1171456K
  class space    used 16712K, capacity 18334K, committed 18456K, reserved 1048576K
}
Event: 1021.349 GC heap after
{Heap after GC invocations=143 (full 0):
 garbage-first heap   total 253952K, used 144813K [0x0000000080000000, 0x0000000100000000)
  region size 1024K, 1 young (1024K), 1 survivors (1024K)
 Metaspace       used 134841K, capacity 139136K, committed 139376K, reserved 1171456K
  class space    used 16712K, capacity 18334K, committed 18456K, reserved 1048576K
}
Event: 1021.528 GC heap before
{Heap before GC invocations=143 (full 0):
 garbage-first heap   total 253952K, used 150957K [0x0000000080000000, 0x0000000100000000)
  region size 1024K, 9 young (9216K), 1 survivors (1024K)
 Metaspace       used 134858K, capacity 139203K, committed 139376K, reserved 1171456K
  class space    used 16712K, capacity 18335K, committed 18456K, reserved 1048576K
}
Event: 1021.535 GC heap after
{Heap after GC invocations=144 (full 0):
 garbage-first heap   total 253952K, used 147223K [0x0000000080000000, 0x0000000100000000)
  region size 1024K, 4 young (4096K), 4 survivors (4096K)
 Metaspace       used 134858K, capacity 139203K, committed 139376K, reserved 1171456K
  class space    used 16712K, capacity 18335K, committed 18456K, reserved 1048576K
}
Event: 1022.275 GC heap before
{Heap before GC invocations=145 (full 0):
 garbage-first heap   total 253952K, used 190231K [0x0000000080000000, 0x0000000100000000)
  region size 1024K, 47 young (48128K), 4 survivors (4096K)
 Metaspace       used 134894K, capacity 139217K, committed 139376K, reserved 1171456K
  class space    used 16713K, capacity 18336K, committed 18456K, reserved 1048576K
}
Event: 1022.284 GC heap after
{Heap after GC invocations=146 (full 0):
 garbage-first heap   total 253952K, used 147742K [0x0000000080000000, 0x0000000100000000)
  region size 1024K, 3 young (3072K), 3 survivors (3072K)
 Metaspace       used 134894K, capacity 139217K, committed 139376K, reserved 1171456K
  class space    used 16713K, capacity 18336K, committed 18456K, reserved 1048576K
}
Event: 1022.469 GC heap before
{Heap before GC invocations=146 (full 0):
 garbage-first heap   total 253952K, used 174366K [0x0000000080000000, 0x0000000100000000)
  region size 1024K, 12 young (12288K), 3 survivors (3072K)
 Metaspace       used 134895K, capacity 139217K, committed 139376K, reserved 1171456K
  class space    used 16713K, capacity 18336K, committed 18456K, reserved 1048576K
}
Event: 1022.477 GC heap after
{Heap after GC invocations=147 (full 0):
 garbage-first heap   total 253952K, used 147083K [0x0000000080000000, 0x0000000100000000)
  region size 1024K, 1 young (1024K), 1 survivors (1024K)
 Metaspace       used 134895K, capacity 139217K, committed 139376K, reserved 1171456K
  class space    used 16713K, capacity 18336K, committed 18456K, reserved 1048576K
}

