# JRE version: OpenJDK Runtime Environment (11.0.11+9) (build 11.0.11+9-b60-7590822)
# Java VM: OpenJDK 64-Bit Server VM (11.0.11+9-b60-7590822, mixed mode, tiered, compressed oops, g1 gc, windows-amd64)
Heap:
 garbage-first heap   total 585728K, used 281088K [0x0000000080000000, 0x0000000100000000)
  region size 1024K, 6 young (6144K), 6 survivors (6144K)
 Metaspace       used 124716K, capacity 127781K, committed 128344K, reserved 1161216K
  class space    used 15562K, capacity 16737K, committed 16984K, reserved 1048576K
GC Heap History (20 events):
Event: 145.481 GC heap after
{Heap after GC invocations=114 (full 0):
 garbage-first heap   total 273408K, used 134579K [0x0000000080000000, 0x0000000100000000)
  region size 1024K, 2 young (2048K), 2 survivors (2048K)
 Metaspace       used 120659K, capacity 123575K, committed 124376K, reserved 1157120K
  class space    used 15151K, capacity 16295K, committed 16600K, reserved 1048576K
}
Event: 146.835 GC heap before
{Heap before GC invocations=115 (full 0):
 garbage-first heap   total 273408K, used 229811K [0x0000000080000000, 0x0000000100000000)
  region size 1024K, 92 young (94208K), 2 survivors (2048K)
 Metaspace       used 120886K, capacity 123797K, committed 124376K, reserved 1157120K
  class space    used 15157K, capacity 16305K, committed 16600K, reserved 1048576K
}
Event: 146.855 GC heap after
{Heap after GC invocations=116 (full 0):
 garbage-first heap   total 273408K, used 138337K [0x0000000080000000, 0x0000000100000000)
  region size 1024K, 4 young (4096K), 4 survivors (4096K)
 Metaspace       used 120886K, capacity 123797K, committed 124376K, reserved 1157120K
  class space    used 15157K, capacity 16305K, committed 16600K, reserved 1048576K
}
Event: 147.002 GC heap before
{Heap before GC invocations=116 (full 0):
 garbage-first heap   total 273408K, used 147553K [0x0000000080000000, 0x0000000100000000)
  region size 1024K, 13 young (13312K), 4 survivors (4096K)
 Metaspace       used 120906K, capacity 123862K, committed 124632K, reserved 1157120K
  class space    used 15160K, capacity 16305K, committed 16600K, reserved 1048576K
}
Event: 147.016 GC heap after
{Heap after GC invocations=117 (full 0):
 garbage-first heap   total 328704K, used 131388K [0x0000000080000000, 0x0000000100000000)
  region size 1024K, 1 young (1024K), 1 survivors (1024K)
 Metaspace       used 120906K, capacity 123862K, committed 124632K, reserved 1157120K
  class space    used 15160K, capacity 16305K, committed 16600K, reserved 1048576K
}
Event: 148.532 GC heap before
{Heap before GC invocations=117 (full 0):
 garbage-first heap   total 328704K, used 265532K [0x0000000080000000, 0x0000000100000000)
  region size 1024K, 132 young (135168K), 1 survivors (1024K)
 Metaspace       used 120924K, capacity 123866K, committed 124632K, reserved 1157120K
  class space    used 15160K, capacity 16306K, committed 16600K, reserved 1048576K
}
Event: 148.538 GC heap after
{Heap after GC invocations=118 (full 0):
 garbage-first heap   total 328704K, used 131622K [0x0000000080000000, 0x0000000100000000)
  region size 1024K, 1 young (1024K), 1 survivors (1024K)
 Metaspace       used 120924K, capacity 123866K, committed 124632K, reserved 1157120K
  class space    used 15160K, capacity 16306K, committed 16600K, reserved 1048576K
}
Event: 149.898 GC heap before
{Heap before GC invocations=118 (full 0):
 garbage-first heap   total 328704K, used 279078K [0x0000000080000000, 0x0000000100000000)
  region size 1024K, 145 young (148480K), 1 survivors (1024K)
 Metaspace       used 120950K, capacity 123871K, committed 124632K, reserved 1157120K
  class space    used 15162K, capacity 16308K, committed 16600K, reserved 1048576K
}
Event: 149.904 GC heap after
{Heap after GC invocations=119 (full 0):
 garbage-first heap   total 328704K, used 132305K [0x0000000080000000, 0x0000000100000000)
  region size 1024K, 2 young (2048K), 2 survivors (2048K)
 Metaspace       used 120950K, capacity 123871K, committed 124632K, reserved 1157120K
  class space    used 15162K, capacity 16308K, committed 16600K, reserved 1048576K
}
Event: 150.871 GC heap before
{Heap before GC invocations=119 (full 0):
 garbage-first heap   total 328704K, used 223441K [0x0000000080000000, 0x0000000100000000)
  region size 1024K, 92 young (94208K), 2 survivors (2048K)
 Metaspace       used 121062K, capacity 124021K, committed 124632K, reserved 1157120K
  class space    used 15162K, capacity 16308K, committed 16600K, reserved 1048576K
}
Event: 150.892 GC heap after
{Heap after GC invocations=120 (full 0):
 garbage-first heap   total 328704K, used 135178K [0x0000000080000000, 0x0000000100000000)
  region size 1024K, 5 young (5120K), 5 survivors (5120K)
 Metaspace       used 121062K, capacity 124021K, committed 124632K, reserved 1157120K
  class space    used 15162K, capacity 16308K, committed 16600K, reserved 1048576K
}
Event: 157.029 GC heap before
{Heap before GC invocations=121 (full 0):
 garbage-first heap   total 328704K, used 326666K [0x0000000080000000, 0x0000000100000000)
  region size 1024K, 127 young (130048K), 5 survivors (5120K)
 Metaspace       used 122497K, capacity 125551K, committed 126168K, reserved 1159168K
  class space    used 15329K, capacity 16485K, committed 16856K, reserved 1048576K
}
Event: 157.100 GC heap after
{Heap after GC invocations=122 (full 0):
 garbage-first heap   total 360448K, used 206700K [0x0000000080000000, 0x0000000100000000)
  region size 1024K, 18 young (18432K), 18 survivors (18432K)
 Metaspace       used 122497K, capacity 125551K, committed 126168K, reserved 1159168K
  class space    used 15329K, capacity 16485K, committed 16856K, reserved 1048576K
}
Event: 157.114 GC heap before
{Heap before GC invocations=122 (full 0):
 garbage-first heap   total 360448K, used 207724K [0x0000000080000000, 0x0000000100000000)
  region size 1024K, 19 young (19456K), 18 survivors (18432K)
 Metaspace       used 122497K, capacity 125551K, committed 126168K, reserved 1159168K
  class space    used 15329K, capacity 16485K, committed 16856K, reserved 1048576K
}
Event: 157.170 GC heap after
{Heap after GC invocations=123 (full 0):
 garbage-first heap   total 360448K, used 202041K [0x0000000080000000, 0x0000000100000000)
  region size 1024K, 2 young (2048K), 2 survivors (2048K)
 Metaspace       used 122497K, capacity 125551K, committed 126168K, reserved 1159168K
  class space    used 15329K, capacity 16485K, committed 16856K, reserved 1048576K
}
Event: 157.975 GC heap before
{Heap before GC invocations=123 (full 0):
 garbage-first heap   total 360448K, used 298297K [0x0000000080000000, 0x0000000100000000)
  region size 1024K, 91 young (93184K), 2 survivors (2048K)
 Metaspace       used 123970K, capacity 127006K, committed 127576K, reserved 1159168K
  class space    used 15506K, capacity 16673K, committed 16984K, reserved 1048576K
}
Event: 158.144 GC heap after
{Heap after GC invocations=124 (full 0):
 garbage-first heap   total 360448K, used 238471K [0x0000000080000000, 0x0000000100000000)
  region size 1024K, 12 young (12288K), 12 survivors (12288K)
 Metaspace       used 123970K, capacity 127006K, committed 127576K, reserved 1159168K
  class space    used 15506K, capacity 16673K, committed 16984K, reserved 1048576K
}
Event: 162.488 GC heap before
{Heap before GC invocations=124 (full 0):
 garbage-first heap   total 360448K, used 291719K [0x0000000080000000, 0x0000000100000000)
  region size 1024K, 65 young (66560K), 12 survivors (12288K)
 Metaspace       used 124524K, capacity 127555K, committed 128088K, reserved 1161216K
  class space    used 15548K, capacity 16705K, committed 16984K, reserved 1048576K
}
Event: 162.653 GC heap after
{Heap after GC invocations=125 (full 0):
 garbage-first heap   total 360448K, used 264192K [0x0000000080000000, 0x0000000100000000)
  region size 1024K, 9 young (9216K), 9 survivors (9216K)
 Metaspace       used 124524K, capacity 127555K, committed 128088K, reserved 1161216K
  class space    used 15548K, capacity 16705K, committed 16984K, reserved 1048576K
}
Event: 164.216 GC heap before
{Heap before GC invocations=125 (full 0):
 garbage-first heap   total 360448K, used 295936K [0x0000000080000000, 0x0000000100000000)
  region size 1024K, 41 young (41984K), 9 survivors (9216K)
 Metaspace       used 124716K, capacity 127781K, committed 128344K, reserved 1161216K
  class space    used 15562K, capacity 16737K, committed 16984K, reserved 1048576K
}

