# JRE version: OpenJDK Runtime Environment (11.0.11+9) (build 11.0.11+9-b60-7590822)
# Java VM: OpenJDK 64-Bit Server VM (11.0.11+9-b60-7590822, mixed mode, tiered, compressed oops, g1 gc, windows-amd64)
Heap:
 garbage-first heap   total 328704K, used 208209K [0x0000000080000000, 0x0000000100000000)
  region size 1024K, 1 young (1024K), 1 survivors (1024K)
 Metaspace       used 105330K, capacity 107581K, committed 107816K, reserved 1142784K
  class space    used 13352K, capacity 14211K, committed 14284K, reserved 1048576K
GC Heap History (20 events):
Event: 21.280 GC heap after
{Heap after GC invocations=22 (full 0):
 garbage-first heap   total 227328K, used 94861K [0x0000000080000000, 0x0000000100000000)
  region size 1024K, 7 young (7168K), 7 survivors (7168K)
 Metaspace       used 87003K, capacity 89151K, committed 89256K, reserved 1126400K
  class space    used 11243K, capacity 12074K, committed 12108K, reserved 1048576K
}
Event: 22.308 GC heap before
{Heap before GC invocations=22 (full 0):
 garbage-first heap   total 227328K, used 175757K [0x0000000080000000, 0x0000000100000000)
  region size 1024K, 86 young (88064K), 7 survivors (7168K)
 Metaspace       used 92291K, capacity 94435K, committed 94504K, reserved 1130496K
  class space    used 11900K, capacity 12724K, committed 12748K, reserved 1048576K
}
Event: 22.333 GC heap after
{Heap after GC invocations=23 (full 0):
 garbage-first heap   total 227328K, used 99134K [0x0000000080000000, 0x0000000100000000)
  region size 1024K, 5 young (5120K), 5 survivors (5120K)
 Metaspace       used 92291K, capacity 94435K, committed 94504K, reserved 1130496K
  class space    used 11900K, capacity 12724K, committed 12748K, reserved 1048576K
}
Event: 23.593 GC heap before
{Heap before GC invocations=23 (full 0):
 garbage-first heap   total 227328K, used 184126K [0x0000000080000000, 0x0000000100000000)
  region size 1024K, 84 young (86016K), 5 survivors (5120K)
 Metaspace       used 94797K, capacity 97012K, committed 97192K, reserved 1134592K
  class space    used 12227K, capacity 13100K, committed 13132K, reserved 1048576K
}
Event: 23.617 GC heap after
{Heap after GC invocations=24 (full 0):
 garbage-first heap   total 227328K, used 107296K [0x0000000080000000, 0x0000000100000000)
  region size 1024K, 10 young (10240K), 10 survivors (10240K)
 Metaspace       used 94797K, capacity 97012K, committed 97192K, reserved 1134592K
  class space    used 12227K, capacity 13100K, committed 13132K, reserved 1048576K
}
Event: 24.511 GC heap before
{Heap before GC invocations=24 (full 0):
 garbage-first heap   total 227328K, used 184096K [0x0000000080000000, 0x0000000100000000)
  region size 1024K, 85 young (87040K), 10 survivors (10240K)
 Metaspace       used 96769K, capacity 99032K, committed 99368K, reserved 1136640K
  class space    used 12330K, capacity 13175K, committed 13260K, reserved 1048576K
}
Event: 24.536 GC heap after
{Heap after GC invocations=25 (full 0):
 garbage-first heap   total 273408K, used 110808K [0x0000000080000000, 0x0000000100000000)
  region size 1024K, 6 young (6144K), 6 survivors (6144K)
 Metaspace       used 96769K, capacity 99032K, committed 99368K, reserved 1136640K
  class space    used 12330K, capacity 13175K, committed 13260K, reserved 1048576K
}
Event: 25.007 GC heap before
{Heap before GC invocations=25 (full 0):
 garbage-first heap   total 273408K, used 154840K [0x0000000080000000, 0x0000000100000000)
  region size 1024K, 35 young (35840K), 6 survivors (6144K)
 Metaspace       used 97087K, capacity 99414K, committed 99624K, reserved 1136640K
  class space    used 12360K, capacity 13213K, committed 13260K, reserved 1048576K
}
Event: 25.026 GC heap after
{Heap after GC invocations=26 (full 0):
 garbage-first heap   total 273408K, used 132117K [0x0000000080000000, 0x0000000100000000)
  region size 1024K, 11 young (11264K), 11 survivors (11264K)
 Metaspace       used 97087K, capacity 99414K, committed 99624K, reserved 1136640K
  class space    used 12360K, capacity 13213K, committed 13260K, reserved 1048576K
}
Event: 25.783 GC heap before
{Heap before GC invocations=27 (full 0):
 garbage-first heap   total 273408K, used 163861K [0x0000000080000000, 0x0000000100000000)
  region size 1024K, 36 young (36864K), 11 survivors (11264K)
 Metaspace       used 101859K, capacity 104162K, committed 104360K, reserved 1140736K
  class space    used 12985K, capacity 13859K, committed 13900K, reserved 1048576K
}
Event: 25.803 GC heap after
{Heap after GC invocations=28 (full 0):
 garbage-first heap   total 273408K, used 143360K [0x0000000080000000, 0x0000000100000000)
  region size 1024K, 5 young (5120K), 5 survivors (5120K)
 Metaspace       used 101859K, capacity 104162K, committed 104360K, reserved 1140736K
  class space    used 12985K, capacity 13859K, committed 13900K, reserved 1048576K
}
Event: 26.473 GC heap before
{Heap before GC invocations=29 (full 0):
 garbage-first heap   total 273408K, used 236544K [0x0000000080000000, 0x0000000100000000)
  region size 1024K, 54 young (55296K), 5 survivors (5120K)
 Metaspace       used 103570K, capacity 105860K, committed 106152K, reserved 1140736K
  class space    used 13195K, capacity 14064K, committed 14156K, reserved 1048576K
}
Event: 26.517 GC heap after
{Heap after GC invocations=30 (full 0):
 garbage-first heap   total 273408K, used 183777K [0x0000000080000000, 0x0000000100000000)
  region size 1024K, 9 young (9216K), 9 survivors (9216K)
 Metaspace       used 103570K, capacity 105860K, committed 106152K, reserved 1140736K
  class space    used 13195K, capacity 14064K, committed 14156K, reserved 1048576K
}
Event: 26.694 GC heap before
{Heap before GC invocations=30 (full 0):
 garbage-first heap   total 273408K, used 201185K [0x0000000080000000, 0x0000000100000000)
  region size 1024K, 24 young (24576K), 9 survivors (9216K)
 Metaspace       used 104015K, capacity 106332K, committed 106408K, reserved 1142784K
  class space    used 13238K, capacity 14136K, committed 14156K, reserved 1048576K
}
Event: 26.719 GC heap after
{Heap after GC invocations=31 (full 0):
 garbage-first heap   total 273408K, used 190685K [0x0000000080000000, 0x0000000100000000)
  region size 1024K, 3 young (3072K), 3 survivors (3072K)
 Metaspace       used 104015K, capacity 106332K, committed 106408K, reserved 1142784K
  class space    used 13238K, capacity 14136K, committed 14156K, reserved 1048576K
}
Event: 27.121 GC heap before
{Heap before GC invocations=31 (full 0):
 garbage-first heap   total 273408K, used 212189K [0x0000000080000000, 0x0000000100000000)
  region size 1024K, 24 young (24576K), 3 survivors (3072K)
 Metaspace       used 105055K, capacity 107306K, committed 107560K, reserved 1142784K
  class space    used 13332K, capacity 14205K, committed 14284K, reserved 1048576K
}
Event: 27.149 GC heap after
{Heap after GC invocations=32 (full 0):
 garbage-first heap   total 273408K, used 198912K [0x0000000080000000, 0x0000000100000000)
  region size 1024K, 3 young (3072K), 3 survivors (3072K)
 Metaspace       used 105055K, capacity 107306K, committed 107560K, reserved 1142784K
  class space    used 13332K, capacity 14205K, committed 14284K, reserved 1048576K
}
Event: 27.346 GC heap before
{Heap before GC invocations=33 (full 0):
 garbage-first heap   total 273408K, used 218368K [0x0000000080000000, 0x0000000100000000)
  region size 1024K, 23 young (23552K), 3 survivors (3072K)
 Metaspace       used 105328K, capacity 107581K, committed 107816K, reserved 1142784K
  class space    used 13352K, capacity 14211K, committed 14284K, reserved 1048576K
}
Event: 27.376 GC heap after
{Heap after GC invocations=34 (full 0):
 garbage-first heap   total 273408K, used 206474K [0x0000000080000000, 0x0000000100000000)
  region size 1024K, 3 young (3072K), 3 survivors (3072K)
 Metaspace       used 105328K, capacity 107581K, committed 107816K, reserved 1142784K
  class space    used 13352K, capacity 14211K, committed 14284K, reserved 1048576K
}
Event: 27.395 GC heap before
{Heap before GC invocations=34 (full 0):
 garbage-first heap   total 273408K, used 208522K [0x0000000080000000, 0x0000000100000000)
  region size 1024K, 6 young (6144K), 3 survivors (3072K)
 Metaspace       used 105330K, capacity 107581K, committed 107816K, reserved 1142784K
  class space    used 13352K, capacity 14211K, committed 14284K, reserved 1048576K
}

