# JRE version: OpenJDK Runtime Environment (11.0.11+9) (build 11.0.11+9-b60-7590822)
# Java VM: OpenJDK 64-Bit Server VM (11.0.11+9-b60-7590822, mixed mode, tiered, compressed oops, g1 gc, windows-amd64)
Heap:
 garbage-first heap   total 229376K, used 153546K [0x0000000080000000, 0x0000000100000000)
  region size 1024K, 10 young (10240K), 2 survivors (2048K)
 Metaspace       used 125701K, capacity 129398K, committed 141092K, reserved 1171456K
  class space    used 16159K, capacity 17601K, committed 19328K, reserved 1048576K
GC Heap History (20 events):
Event: 78.422 GC heap before
{Heap before GC invocations=56 (full 0):
 garbage-first heap   total 229376K, used 183149K [0x0000000080000000, 0x0000000100000000)
  region size 1024K, 50 young (51200K), 6 survivors (6144K)
 Metaspace       used 119423K, capacity 122910K, committed 123172K, reserved 1157120K
  class space    used 15117K, capacity 16448K, committed 16512K, reserved 1048576K
}
Event: 78.449 GC heap after
{Heap after GC invocations=57 (full 0):
 garbage-first heap   total 229376K, used 148227K [0x0000000080000000, 0x0000000100000000)
  region size 1024K, 7 young (7168K), 7 survivors (7168K)
 Metaspace       used 119423K, capacity 122910K, committed 123172K, reserved 1157120K
  class space    used 15117K, capacity 16448K, committed 16512K, reserved 1048576K
}
Event: 79.372 GC heap before
{Heap before GC invocations=57 (full 0):
 garbage-first heap   total 229376K, used 186115K [0x0000000080000000, 0x0000000100000000)
  region size 1024K, 45 young (46080K), 7 survivors (7168K)
 Metaspace       used 120146K, capacity 123581K, committed 123812K, reserved 1157120K
  class space    used 15218K, capacity 16545K, committed 16640K, reserved 1048576K
}
Event: 79.398 GC heap after
{Heap after GC invocations=58 (full 0):
 garbage-first heap   total 229376K, used 156940K [0x0000000080000000, 0x0000000100000000)
  region size 1024K, 6 young (6144K), 6 survivors (6144K)
 Metaspace       used 120146K, capacity 123581K, committed 123812K, reserved 1157120K
  class space    used 15218K, capacity 16545K, committed 16640K, reserved 1048576K
}
Event: 80.753 GC heap before
{Heap before GC invocations=58 (full 0):
 garbage-first heap   total 229376K, used 187660K [0x0000000080000000, 0x0000000100000000)
  region size 1024K, 37 young (37888K), 6 survivors (6144K)
 Metaspace       used 120642K, capacity 124155K, committed 124324K, reserved 1157120K
  class space    used 15242K, capacity 16585K, committed 16640K, reserved 1048576K
}
Event: 80.766 GC heap after
{Heap after GC invocations=59 (full 0):
 garbage-first heap   total 229376K, used 159087K [0x0000000080000000, 0x0000000100000000)
  region size 1024K, 4 young (4096K), 4 survivors (4096K)
 Metaspace       used 120642K, capacity 124155K, committed 124324K, reserved 1157120K
  class space    used 15242K, capacity 16585K, committed 16640K, reserved 1048576K
}
Event: 84.696 GC heap before
{Heap before GC invocations=59 (full 0):
 garbage-first heap   total 229376K, used 190831K [0x0000000080000000, 0x0000000100000000)
  region size 1024K, 34 young (34816K), 4 survivors (4096K)
 Metaspace       used 123395K, capacity 126934K, committed 127012K, reserved 1159168K
  class space    used 15604K, capacity 16961K, committed 17024K, reserved 1048576K
}
Event: 84.706 GC heap after
{Heap after GC invocations=60 (full 0):
 garbage-first heap   total 229376K, used 164641K [0x0000000080000000, 0x0000000100000000)
  region size 1024K, 4 young (4096K), 4 survivors (4096K)
 Metaspace       used 123395K, capacity 126934K, committed 127012K, reserved 1159168K
  class space    used 15604K, capacity 16961K, committed 17024K, reserved 1048576K
}
Event: 85.604 GC heap before
{Heap before GC invocations=60 (full 0):
 garbage-first heap   total 229376K, used 192289K [0x0000000080000000, 0x0000000100000000)
  region size 1024K, 32 young (32768K), 4 survivors (4096K)
 Metaspace       used 130051K, capacity 134000K, committed 134180K, reserved 1165312K
  class space    used 16724K, capacity 18285K, committed 18304K, reserved 1048576K
}
Event: 85.614 GC heap after
{Heap after GC invocations=61 (full 0):
 garbage-first heap   total 229376K, used 166403K [0x0000000080000000, 0x0000000100000000)
  region size 1024K, 2 young (2048K), 2 survivors (2048K)
 Metaspace       used 130051K, capacity 134000K, committed 134180K, reserved 1165312K
  class space    used 16724K, capacity 18285K, committed 18304K, reserved 1048576K
}
Event: 86.321 GC heap before
{Heap before GC invocations=61 (full 0):
 garbage-first heap   total 229376K, used 193027K [0x0000000080000000, 0x0000000100000000)
  region size 1024K, 29 young (29696K), 2 survivors (2048K)
 Metaspace       used 132486K, capacity 136560K, committed 136612K, reserved 1167360K
  class space    used 17033K, capacity 18659K, committed 18688K, reserved 1048576K
}
Event: 86.327 GC heap after
{Heap after GC invocations=62 (full 0):
 garbage-first heap   total 229376K, used 166748K [0x0000000080000000, 0x0000000100000000)
  region size 1024K, 3 young (3072K), 3 survivors (3072K)
 Metaspace       used 132486K, capacity 136560K, committed 136612K, reserved 1167360K
  class space    used 17033K, capacity 18659K, committed 18688K, reserved 1048576K
}
Event: 88.239 GC heap before
{Heap before GC invocations=62 (full 0):
 garbage-first heap   total 229376K, used 193372K [0x0000000080000000, 0x0000000100000000)
  region size 1024K, 30 young (30720K), 3 survivors (3072K)
 Metaspace       used 134227K, capacity 138441K, committed 138660K, reserved 1169408K
  class space    used 17287K, capacity 18929K, committed 18944K, reserved 1048576K
}
Event: 88.247 GC heap after
{Heap after GC invocations=63 (full 0):
 garbage-first heap   total 229376K, used 167545K [0x0000000080000000, 0x0000000100000000)
  region size 1024K, 3 young (3072K), 3 survivors (3072K)
 Metaspace       used 134227K, capacity 138441K, committed 138660K, reserved 1169408K
  class space    used 17287K, capacity 18929K, committed 18944K, reserved 1048576K
}
Event: 89.424 GC heap before
{Heap before GC invocations=63 (full 0):
 garbage-first heap   total 229376K, used 209529K [0x0000000080000000, 0x0000000100000000)
  region size 1024K, 31 young (31744K), 3 survivors (3072K)
 Metaspace       used 136008K, capacity 140289K, committed 140452K, reserved 1171456K
  class space    used 17516K, capacity 19177K, committed 19200K, reserved 1048576K
}
Event: 89.435 GC heap after
{Heap after GC invocations=64 (full 0):
 garbage-first heap   total 229376K, used 179867K [0x0000000080000000, 0x0000000100000000)
  region size 1024K, 4 young (4096K), 4 survivors (4096K)
 Metaspace       used 136008K, capacity 140289K, committed 140452K, reserved 1171456K
  class space    used 17516K, capacity 19177K, committed 19200K, reserved 1048576K
}
Event: 369.759 GC heap before
{Heap before GC invocations=65 (full 0):
 garbage-first heap   total 229376K, used 202395K [0x0000000080000000, 0x0000000100000000)
  region size 1024K, 24 young (24576K), 4 survivors (4096K)
 Metaspace       used 125409K, capacity 129047K, committed 141092K, reserved 1171456K
  class space    used 16119K, capacity 17555K, committed 19328K, reserved 1048576K
}
Event: 369.773 GC heap after
{Heap after GC invocations=66 (full 0):
 garbage-first heap   total 229376K, used 166557K [0x0000000080000000, 0x0000000100000000)
  region size 1024K, 1 young (1024K), 1 survivors (1024K)
 Metaspace       used 125409K, capacity 129047K, committed 141092K, reserved 1171456K
  class space    used 16119K, capacity 17555K, committed 19328K, reserved 1048576K
}
Event: 437.527 GC heap before
{Heap before GC invocations=66 (full 0):
 garbage-first heap   total 229376K, used 175773K [0x0000000080000000, 0x0000000100000000)
  region size 1024K, 11 young (11264K), 1 survivors (1024K)
 Metaspace       used 125586K, capacity 129251K, committed 141092K, reserved 1171456K
  class space    used 16147K, capacity 17598K, committed 19328K, reserved 1048576K
}
Event: 437.544 GC heap after
{Heap after GC invocations=67 (full 0):
 garbage-first heap   total 229376K, used 146378K [0x0000000080000000, 0x0000000100000000)
  region size 1024K, 2 young (2048K), 2 survivors (2048K)
 Metaspace       used 125586K, capacity 129251K, committed 141092K, reserved 1171456K
  class space    used 16147K, capacity 17598K, committed 19328K, reserved 1048576K
}

