# JRE version: OpenJDK Runtime Environment (11.0.11+9) (build 11.0.11+9-b60-7590822)
# Java VM: OpenJDK 64-Bit Server VM (11.0.11+9-b60-7590822, mixed mode, tiered, compressed oops, g1 gc, windows-amd64)
Heap:
 garbage-first heap   total 320512K, used 215019K [0x0000000080000000, 0x0000000100000000)
  region size 1024K, 2 young (2048K), 2 survivors (2048K)
 Metaspace       used 107856K, capacity 110504K, committed 110548K, reserved 1144832K
  class space    used 13721K, capacity 14705K, committed 14720K, reserved 1048576K
GC Heap History (20 events):
Event: 33.505 GC heap after
{Heap after GC invocations=27 (full 0):
 garbage-first heap   total 227328K, used 110458K [0x0000000080000000, 0x0000000100000000)
  region size 1024K, 5 young (5120K), 5 survivors (5120K)
 Metaspace       used 99513K, capacity 102072K, committed 102356K, reserved 1138688K
  class space    used 12717K, capacity 13660K, committed 13696K, reserved 1048576K
}
Event: 34.103 GC heap before
{Heap before GC invocations=28 (full 0):
 garbage-first heap   total 227328K, used 150394K [0x0000000080000000, 0x0000000100000000)
  region size 1024K, 27 young (27648K), 5 survivors (5120K)
 Metaspace       used 99542K, capacity 102168K, committed 102484K, reserved 1138688K
  class space    used 12722K, capacity 13692K, committed 13824K, reserved 1048576K
}
Event: 34.120 GC heap after
{Heap after GC invocations=29 (full 0):
 garbage-first heap   total 227328K, used 136646K [0x0000000080000000, 0x0000000100000000)
  region size 1024K, 9 young (9216K), 9 survivors (9216K)
 Metaspace       used 99542K, capacity 102168K, committed 102484K, reserved 1138688K
  class space    used 12722K, capacity 13692K, committed 13824K, reserved 1048576K
}
Event: 34.660 GC heap before
{Heap before GC invocations=29 (full 0):
 garbage-first heap   total 227328K, used 225734K [0x0000000080000000, 0x0000000100000000)
  region size 1024K, 48 young (49152K), 9 survivors (9216K)
 Metaspace       used 105115K, capacity 107646K, committed 107732K, reserved 1142784K
  class space    used 13481K, capacity 14457K, committed 14464K, reserved 1048576K
}
Event: 34.676 GC heap after
{Heap after GC invocations=30 (full 0):
 garbage-first heap   total 246784K, used 173056K [0x0000000080000000, 0x0000000100000000)
  region size 1024K, 7 young (7168K), 7 survivors (7168K)
 Metaspace       used 105115K, capacity 107646K, committed 107732K, reserved 1142784K
  class space    used 13481K, capacity 14457K, committed 14464K, reserved 1048576K
}
Event: 35.101 GC heap before
{Heap before GC invocations=31 (full 0):
 garbage-first heap   total 246784K, used 191488K [0x0000000080000000, 0x0000000100000000)
  region size 1024K, 27 young (27648K), 7 survivors (7168K)
 Metaspace       used 106075K, capacity 108591K, committed 108628K, reserved 1142784K
  class space    used 13564K, capacity 14558K, committed 14592K, reserved 1048576K
}
Event: 35.131 GC heap after
{Heap after GC invocations=32 (full 0):
 garbage-first heap   total 246784K, used 178176K [0x0000000080000000, 0x0000000100000000)
  region size 1024K, 5 young (5120K), 5 survivors (5120K)
 Metaspace       used 106075K, capacity 108591K, committed 108628K, reserved 1142784K
  class space    used 13564K, capacity 14558K, committed 14592K, reserved 1048576K
}
Event: 35.804 GC heap before
{Heap before GC invocations=33 (full 0):
 garbage-first heap   total 246784K, used 202752K [0x0000000080000000, 0x0000000100000000)
  region size 1024K, 28 young (28672K), 5 survivors (5120K)
 Metaspace       used 107441K, capacity 110037K, committed 110292K, reserved 1144832K
  class space    used 13700K, capacity 14699K, committed 14720K, reserved 1048576K
}
Event: 35.827 GC heap after
{Heap after GC invocations=34 (full 0):
 garbage-first heap   total 246784K, used 185441K [0x0000000080000000, 0x0000000100000000)
  region size 1024K, 4 young (4096K), 4 survivors (4096K)
 Metaspace       used 107441K, capacity 110037K, committed 110292K, reserved 1144832K
  class space    used 13700K, capacity 14699K, committed 14720K, reserved 1048576K
}
Event: 35.889 GC heap before
{Heap before GC invocations=34 (full 0):
 garbage-first heap   total 246784K, used 189537K [0x0000000080000000, 0x0000000100000000)
  region size 1024K, 9 young (9216K), 4 survivors (4096K)
 Metaspace       used 107541K, capacity 110101K, committed 110292K, reserved 1144832K
  class space    used 13700K, capacity 14699K, committed 14720K, reserved 1048576K
}
Event: 35.905 GC heap after
{Heap after GC invocations=35 (full 0):
 garbage-first heap   total 246784K, used 188776K [0x0000000080000000, 0x0000000100000000)
  region size 1024K, 3 young (3072K), 3 survivors (3072K)
 Metaspace       used 107541K, capacity 110101K, committed 110292K, reserved 1144832K
  class space    used 13700K, capacity 14699K, committed 14720K, reserved 1048576K
}
Event: 36.433 GC heap before
{Heap before GC invocations=35 (full 0):
 garbage-first heap   total 246784K, used 202088K [0x0000000080000000, 0x0000000100000000)
  region size 1024K, 16 young (16384K), 3 survivors (3072K)
 Metaspace       used 107718K, capacity 110309K, committed 110548K, reserved 1144832K
  class space    used 13714K, capacity 14704K, committed 14720K, reserved 1048576K
}
Event: 36.454 GC heap after
{Heap after GC invocations=36 (full 0):
 garbage-first heap   total 246784K, used 194346K [0x0000000080000000, 0x0000000100000000)
  region size 1024K, 2 young (2048K), 2 survivors (2048K)
 Metaspace       used 107718K, capacity 110309K, committed 110548K, reserved 1144832K
  class space    used 13714K, capacity 14704K, committed 14720K, reserved 1048576K
}
Event: 36.626 GC heap before
{Heap before GC invocations=37 (full 0):
 garbage-first heap   total 246784K, used 205610K [0x0000000080000000, 0x0000000100000000)
  region size 1024K, 13 young (13312K), 2 survivors (2048K)
 Metaspace       used 107827K, capacity 110376K, committed 110548K, reserved 1144832K
  class space    used 13721K, capacity 14705K, committed 14720K, reserved 1048576K
}
Event: 36.648 GC heap after
{Heap after GC invocations=38 (full 0):
 garbage-first heap   total 246784K, used 199901K [0x0000000080000000, 0x0000000100000000)
  region size 1024K, 2 young (2048K), 2 survivors (2048K)
 Metaspace       used 107827K, capacity 110376K, committed 110548K, reserved 1144832K
  class space    used 13721K, capacity 14705K, committed 14720K, reserved 1048576K
}
Event: 36.768 GC heap before
{Heap before GC invocations=38 (full 0):
 garbage-first heap   total 246784K, used 209117K [0x0000000080000000, 0x0000000100000000)
  region size 1024K, 12 young (12288K), 2 survivors (2048K)
 Metaspace       used 107832K, capacity 110440K, committed 110548K, reserved 1144832K
  class space    used 13721K, capacity 14705K, committed 14720K, reserved 1048576K
}
Event: 36.791 GC heap after
{Heap after GC invocations=39 (full 0):
 garbage-first heap   total 246784K, used 204382K [0x0000000080000000, 0x0000000100000000)
  region size 1024K, 2 young (2048K), 2 survivors (2048K)
 Metaspace       used 107832K, capacity 110440K, committed 110548K, reserved 1144832K
  class space    used 13721K, capacity 14705K, committed 14720K, reserved 1048576K
}
Event: 36.957 GC heap before
{Heap before GC invocations=39 (full 0):
 garbage-first heap   total 246784K, used 216670K [0x0000000080000000, 0x0000000100000000)
  region size 1024K, 12 young (12288K), 2 survivors (2048K)
 Metaspace       used 107846K, capacity 110440K, committed 110548K, reserved 1144832K
  class space    used 13721K, capacity 14705K, committed 14720K, reserved 1048576K
}
Event: 36.979 GC heap after
{Heap after GC invocations=40 (full 0):
 garbage-first heap   total 246784K, used 211135K [0x0000000080000000, 0x0000000100000000)
  region size 1024K, 2 young (2048K), 2 survivors (2048K)
 Metaspace       used 107846K, capacity 110440K, committed 110548K, reserved 1144832K
  class space    used 13721K, capacity 14705K, committed 14720K, reserved 1048576K
}
Event: 37.098 GC heap before
{Heap before GC invocations=40 (full 0):
 garbage-first heap   total 246784K, used 220351K [0x0000000080000000, 0x0000000100000000)
  region size 1024K, 12 young (12288K), 2 survivors (2048K)
 Metaspace       used 107856K, capacity 110504K, committed 110548K, reserved 1144832K
  class space    used 13721K, capacity 14705K, committed 14720K, reserved 1048576K
}

