# JRE version: OpenJDK Runtime Environment (11.0.11+9) (build 11.0.11+9-b60-7590822)
# Java VM: OpenJDK 64-Bit Server VM (11.0.11+9-b60-7590822, mixed mode, tiered, compressed oops, g1 gc, windows-amd64)
Heap:
 garbage-first heap   total 400384K, used 243712K [0x0000000080000000, 0x0000000100000000)
  region size 1024K, 3 young (3072K), 3 survivors (3072K)
 Metaspace       used 107640K, capacity 109987K, committed 110208K, reserved 1144832K
  class space    used 13820K, capacity 14711K, committed 14720K, reserved 1048576K
GC Heap History (20 events):
Event: 19.337 GC heap after
{Heap after GC invocations=21 (full 0):
 garbage-first heap   total 227328K, used 83968K [0x0000000080000000, 0x0000000100000000)
  region size 1024K, 12 young (12288K), 12 survivors (12288K)
 Metaspace       used 85754K, capacity 87880K, committed 88064K, reserved 1126400K
  class space    used 11157K, capacity 11950K, committed 12032K, reserved 1048576K
}
Event: 20.582 GC heap before
{Heap before GC invocations=21 (full 0):
 garbage-first heap   total 227328K, used 167936K [0x0000000080000000, 0x0000000100000000)
  region size 1024K, 94 young (96256K), 12 survivors (12288K)
 Metaspace       used 86220K, capacity 88317K, committed 88576K, reserved 1126400K
  class space    used 11172K, capacity 11965K, committed 12032K, reserved 1048576K
}
Event: 20.630 GC heap after
{Heap after GC invocations=22 (full 0):
 garbage-first heap   total 227328K, used 90370K [0x0000000080000000, 0x0000000100000000)
  region size 1024K, 7 young (7168K), 7 survivors (7168K)
 Metaspace       used 86220K, capacity 88317K, committed 88576K, reserved 1126400K
  class space    used 11172K, capacity 11965K, committed 12032K, reserved 1048576K
}
Event: 22.105 GC heap before
{Heap before GC invocations=22 (full 0):
 garbage-first heap   total 227328K, used 171266K [0x0000000080000000, 0x0000000100000000)
  region size 1024K, 87 young (89088K), 7 survivors (7168K)
 Metaspace       used 87058K, capacity 89159K, committed 89472K, reserved 1126400K
  class space    used 11247K, capacity 12074K, committed 12160K, reserved 1048576K
}
Event: 22.127 GC heap after
{Heap after GC invocations=23 (full 0):
 garbage-first heap   total 273408K, used 95956K [0x0000000080000000, 0x0000000100000000)
  region size 1024K, 7 young (7168K), 7 survivors (7168K)
 Metaspace       used 87058K, capacity 89159K, committed 89472K, reserved 1126400K
  class space    used 11247K, capacity 12074K, committed 12160K, reserved 1048576K
}
Event: 23.456 GC heap before
{Heap before GC invocations=23 (full 0):
 garbage-first heap   total 273408K, used 194260K [0x0000000080000000, 0x0000000100000000)
  region size 1024K, 104 young (106496K), 7 survivors (7168K)
 Metaspace       used 92482K, capacity 94668K, committed 94976K, reserved 1132544K
  class space    used 11921K, capacity 12733K, committed 12800K, reserved 1048576K
}
Event: 23.479 GC heap after
{Heap after GC invocations=24 (full 0):
 garbage-first heap   total 273408K, used 100632K [0x0000000080000000, 0x0000000100000000)
  region size 1024K, 12 young (12288K), 12 survivors (12288K)
 Metaspace       used 92482K, capacity 94668K, committed 94976K, reserved 1132544K
  class space    used 11921K, capacity 12733K, committed 12800K, reserved 1048576K
}
Event: 25.182 GC heap before
{Heap before GC invocations=24 (full 0):
 garbage-first heap   total 273408K, used 207128K [0x0000000080000000, 0x0000000100000000)
  region size 1024K, 111 young (113664K), 12 survivors (12288K)
 Metaspace       used 95688K, capacity 97899K, committed 98176K, reserved 1134592K
  class space    used 12261K, capacity 13137K, committed 13184K, reserved 1048576K
}
Event: 25.209 GC heap after
{Heap after GC invocations=25 (full 0):
 garbage-first heap   total 273408K, used 109708K [0x0000000080000000, 0x0000000100000000)
  region size 1024K, 12 young (12288K), 12 survivors (12288K)
 Metaspace       used 95688K, capacity 97899K, committed 98176K, reserved 1134592K
  class space    used 12261K, capacity 13137K, committed 13184K, reserved 1048576K
}
Event: 26.668 GC heap before
{Heap before GC invocations=25 (full 0):
 garbage-first heap   total 273408K, used 223372K [0x0000000080000000, 0x0000000100000000)
  region size 1024K, 101 young (103424K), 12 survivors (12288K)
 Metaspace       used 102456K, capacity 104787K, committed 104832K, reserved 1140736K
  class space    used 13076K, capacity 13939K, committed 13952K, reserved 1048576K
}
Event: 26.696 GC heap after
{Heap after GC invocations=26 (full 0):
 garbage-first heap   total 273408K, used 141520K [0x0000000080000000, 0x0000000100000000)
  region size 1024K, 14 young (14336K), 14 survivors (14336K)
 Metaspace       used 102456K, capacity 104787K, committed 104832K, reserved 1140736K
  class space    used 13076K, capacity 13939K, committed 13952K, reserved 1048576K
}
Event: 27.575 GC heap before
{Heap before GC invocations=27 (full 0):
 garbage-first heap   total 273408K, used 253136K [0x0000000080000000, 0x0000000100000000)
  region size 1024K, 79 young (80896K), 14 survivors (14336K)
 Metaspace       used 105151K, capacity 107369K, committed 107776K, reserved 1142784K
  class space    used 13336K, capacity 14204K, committed 14336K, reserved 1048576K
}
Event: 27.668 GC heap after
{Heap after GC invocations=28 (full 0):
 garbage-first heap   total 294912K, used 188748K [0x0000000080000000, 0x0000000100000000)
  region size 1024K, 12 young (12288K), 12 survivors (12288K)
 Metaspace       used 105151K, capacity 107369K, committed 107776K, reserved 1142784K
  class space    used 13336K, capacity 14204K, committed 14336K, reserved 1048576K
}
Event: 28.438 GC heap before
{Heap before GC invocations=29 (full 0):
 garbage-first heap   total 294912K, used 232780K [0x0000000080000000, 0x0000000100000000)
  region size 1024K, 55 young (56320K), 12 survivors (12288K)
 Metaspace       used 105473K, capacity 107804K, committed 108032K, reserved 1142784K
  class space    used 13357K, capacity 14242K, committed 14336K, reserved 1048576K
}
Event: 28.496 GC heap after
{Heap after GC invocations=30 (full 0):
 garbage-first heap   total 294912K, used 204350K [0x0000000080000000, 0x0000000100000000)
  region size 1024K, 8 young (8192K), 8 survivors (8192K)
 Metaspace       used 105473K, capacity 107804K, committed 108032K, reserved 1142784K
  class space    used 13357K, capacity 14242K, committed 14336K, reserved 1048576K
}
Event: 29.286 GC heap before
{Heap before GC invocations=31 (full 0):
 garbage-first heap   total 294912K, used 242238K [0x0000000080000000, 0x0000000100000000)
  region size 1024K, 42 young (43008K), 8 survivors (8192K)
 Metaspace       used 107496K, capacity 109914K, committed 109952K, reserved 1144832K
  class space    used 13804K, capacity 14709K, committed 14720K, reserved 1048576K
}
Event: 29.355 GC heap after
{Heap after GC invocations=32 (full 0):
 garbage-first heap   total 294912K, used 222208K [0x0000000080000000, 0x0000000100000000)
  region size 1024K, 6 young (6144K), 6 survivors (6144K)
 Metaspace       used 107496K, capacity 109914K, committed 109952K, reserved 1144832K
  class space    used 13804K, capacity 14709K, committed 14720K, reserved 1048576K
}
Event: 29.532 GC heap before
{Heap before GC invocations=32 (full 0):
 garbage-first heap   total 294912K, used 245760K [0x0000000080000000, 0x0000000100000000)
  region size 1024K, 29 young (29696K), 6 survivors (6144K)
 Metaspace       used 107592K, capacity 109985K, committed 110208K, reserved 1144832K
  class space    used 13820K, capacity 14711K, committed 14720K, reserved 1048576K
}
Event: 29.579 GC heap after
{Heap after GC invocations=33 (full 0):
 garbage-first heap   total 294912K, used 235008K [0x0000000080000000, 0x0000000100000000)
  region size 1024K, 4 young (4096K), 4 survivors (4096K)
 Metaspace       used 107592K, capacity 109985K, committed 110208K, reserved 1144832K
  class space    used 13820K, capacity 14711K, committed 14720K, reserved 1048576K
}
Event: 29.919 GC heap before
{Heap before GC invocations=33 (full 0):
 garbage-first heap   total 294912K, used 250368K [0x0000000080000000, 0x0000000100000000)
  region size 1024K, 19 young (19456K), 4 survivors (4096K)
 Metaspace       used 107640K, capacity 109987K, committed 110208K, reserved 1144832K
  class space    used 13820K, capacity 14711K, committed 14720K, reserved 1048576K
}

