# JRE version: OpenJDK Runtime Environment (11.0.11+9) (build 11.0.11+9-b60-7590822)
# Java VM: OpenJDK 64-Bit Server VM (11.0.11+9-b60-7590822, mixed mode, tiered, compressed oops, g1 gc, windows-amd64)
Heap:
 garbage-first heap   total 273408K, used 166912K [0x0000000080000000, 0x0000000100000000)
  region size 1024K, 29 young (29696K), 2 survivors (2048K)
 Metaspace       used 115825K, capacity 119251K, committed 119592K, reserved 1153024K
  class space    used 14907K, capacity 16200K, committed 16324K, reserved 1048576K
GC Heap History (20 events):
Event: 31.306 GC heap before
{Heap before GC invocations=25 (full 0):
 garbage-first heap   total 273408K, used 188529K [0x0000000080000000, 0x0000000100000000)
  region size 1024K, 78 young (79872K), 7 survivors (7168K)
 Metaspace       used 98310K, capacity 100806K, committed 100908K, reserved 1136640K
  class space    used 12648K, capacity 13572K, committed 13612K, reserved 1048576K
}
Event: 31.331 GC heap after
{Heap after GC invocations=26 (full 0):
 garbage-first heap   total 273408K, used 123221K [0x0000000080000000, 0x0000000100000000)
  region size 1024K, 12 young (12288K), 12 survivors (12288K)
 Metaspace       used 98310K, capacity 100806K, committed 100908K, reserved 1136640K
  class space    used 12648K, capacity 13572K, committed 13612K, reserved 1048576K
}
Event: 33.645 GC heap before
{Heap before GC invocations=27 (full 0):
 garbage-first heap   total 273408K, used 208213K [0x0000000080000000, 0x0000000100000000)
  region size 1024K, 96 young (98304K), 12 survivors (12288K)
 Metaspace       used 110314K, capacity 113460K, committed 113704K, reserved 1146880K
  class space    used 14509K, capacity 15741K, committed 15812K, reserved 1048576K
}
Event: 33.675 GC heap after
{Heap after GC invocations=28 (full 0):
 garbage-first heap   total 273408K, used 126309K [0x0000000080000000, 0x0000000100000000)
  region size 1024K, 4 young (4096K), 4 survivors (4096K)
 Metaspace       used 110314K, capacity 113460K, committed 113704K, reserved 1146880K
  class space    used 14509K, capacity 15741K, committed 15812K, reserved 1048576K
}
Event: 34.540 GC heap before
{Heap before GC invocations=29 (full 0):
 garbage-first heap   total 273408K, used 150885K [0x0000000080000000, 0x0000000100000000)
  region size 1024K, 29 young (29696K), 4 survivors (4096K)
 Metaspace       used 111977K, capacity 115090K, committed 115240K, reserved 1148928K
  class space    used 14721K, capacity 15958K, committed 16068K, reserved 1048576K
}
Event: 34.554 GC heap after
{Heap after GC invocations=30 (full 0):
 garbage-first heap   total 273408K, used 127361K [0x0000000080000000, 0x0000000100000000)
  region size 1024K, 5 young (5120K), 5 survivors (5120K)
 Metaspace       used 111977K, capacity 115090K, committed 115240K, reserved 1148928K
  class space    used 14721K, capacity 15958K, committed 16068K, reserved 1048576K
}
Event: 76.145 GC heap before
{Heap before GC invocations=31 (full 0):
 garbage-first heap   total 273408K, used 211329K [0x0000000080000000, 0x0000000100000000)
  region size 1024K, 70 young (71680K), 5 survivors (5120K)
 Metaspace       used 113513K, capacity 116772K, committed 116904K, reserved 1150976K
  class space    used 14864K, capacity 16127K, committed 16196K, reserved 1048576K
}
Event: 76.186 GC heap after
{Heap after GC invocations=32 (full 0):
 garbage-first heap   total 273408K, used 132096K [0x0000000080000000, 0x0000000100000000)
  region size 1024K, 8 young (8192K), 8 survivors (8192K)
 Metaspace       used 113513K, capacity 116772K, committed 116904K, reserved 1150976K
  class space    used 14864K, capacity 16127K, committed 16196K, reserved 1048576K
}
Event: 81.615 GC heap before
{Heap before GC invocations=32 (full 0):
 garbage-first heap   total 273408K, used 198656K [0x0000000080000000, 0x0000000100000000)
  region size 1024K, 74 young (75776K), 8 survivors (8192K)
 Metaspace       used 113833K, capacity 117071K, committed 117160K, reserved 1150976K
  class space    used 14871K, capacity 16135K, committed 16196K, reserved 1048576K
}
Event: 81.649 GC heap after
{Heap after GC invocations=33 (full 0):
 garbage-first heap   total 273408K, used 135826K [0x0000000080000000, 0x0000000100000000)
  region size 1024K, 5 young (5120K), 5 survivors (5120K)
 Metaspace       used 113833K, capacity 117071K, committed 117160K, reserved 1150976K
  class space    used 14871K, capacity 16135K, committed 16196K, reserved 1048576K
}
Event: 83.419 GC heap before
{Heap before GC invocations=34 (full 0):
 garbage-first heap   total 273408K, used 206482K [0x0000000080000000, 0x0000000100000000)
  region size 1024K, 73 young (74752K), 5 survivors (5120K)
 Metaspace       used 114249K, capacity 117417K, committed 117928K, reserved 1150976K
  class space    used 14796K, capacity 16002K, committed 16196K, reserved 1048576K
}
Event: 83.433 GC heap after
{Heap after GC invocations=35 (full 0):
 garbage-first heap   total 273408K, used 139963K [0x0000000080000000, 0x0000000100000000)
  region size 1024K, 7 young (7168K), 7 survivors (7168K)
 Metaspace       used 114249K, capacity 117417K, committed 117928K, reserved 1150976K
  class space    used 14796K, capacity 16002K, committed 16196K, reserved 1048576K
}
Event: 83.586 GC heap before
{Heap before GC invocations=35 (full 0):
 garbage-first heap   total 273408K, used 163515K [0x0000000080000000, 0x0000000100000000)
  region size 1024K, 13 young (13312K), 7 survivors (7168K)
 Metaspace       used 114254K, capacity 117417K, committed 117928K, reserved 1150976K
  class space    used 14796K, capacity 16002K, committed 16196K, reserved 1048576K
}
Event: 83.613 GC heap after
{Heap after GC invocations=36 (full 0):
 garbage-first heap   total 273408K, used 138178K [0x0000000080000000, 0x0000000100000000)
  region size 1024K, 1 young (1024K), 1 survivors (1024K)
 Metaspace       used 114254K, capacity 117417K, committed 117928K, reserved 1150976K
  class space    used 14796K, capacity 16002K, committed 16196K, reserved 1048576K
}
Event: 129.342 GC heap before
{Heap before GC invocations=36 (full 0):
 garbage-first heap   total 273408K, used 208834K [0x0000000080000000, 0x0000000100000000)
  region size 1024K, 71 young (72704K), 1 survivors (1024K)
 Metaspace       used 114695K, capacity 117847K, committed 118184K, reserved 1150976K
  class space    used 14819K, capacity 16041K, committed 16196K, reserved 1048576K
}
Event: 129.423 GC heap after
{Heap after GC invocations=37 (full 0):
 garbage-first heap   total 273408K, used 136383K [0x0000000080000000, 0x0000000100000000)
  region size 1024K, 8 young (8192K), 8 survivors (8192K)
 Metaspace       used 114695K, capacity 117847K, committed 118184K, reserved 1150976K
  class space    used 14819K, capacity 16041K, committed 16196K, reserved 1048576K
}
Event: 138.304 GC heap before
{Heap before GC invocations=38 (full 0):
 garbage-first heap   total 273408K, used 209087K [0x0000000080000000, 0x0000000100000000)
  region size 1024K, 81 young (82944K), 8 survivors (8192K)
 Metaspace       used 115318K, capacity 118776K, committed 119080K, reserved 1153024K
  class space    used 14904K, capacity 16199K, committed 16324K, reserved 1048576K
}
Event: 138.347 GC heap after
{Heap after GC invocations=39 (full 0):
 garbage-first heap   total 273408K, used 139391K [0x0000000080000000, 0x0000000100000000)
  region size 1024K, 5 young (5120K), 5 survivors (5120K)
 Metaspace       used 115318K, capacity 118776K, committed 119080K, reserved 1153024K
  class space    used 14904K, capacity 16199K, committed 16324K, reserved 1048576K
}
Event: 138.771 GC heap before
{Heap before GC invocations=39 (full 0):
 garbage-first heap   total 273408K, used 148607K [0x0000000080000000, 0x0000000100000000)
  region size 1024K, 13 young (13312K), 5 survivors (5120K)
 Metaspace       used 115325K, capacity 118779K, committed 119080K, reserved 1153024K
  class space    used 14904K, capacity 16200K, committed 16324K, reserved 1048576K
}
Event: 138.791 GC heap after
{Heap after GC invocations=40 (full 0):
 garbage-first heap   total 273408K, used 141312K [0x0000000080000000, 0x0000000100000000)
  region size 1024K, 2 young (2048K), 2 survivors (2048K)
 Metaspace       used 115325K, capacity 118779K, committed 119080K, reserved 1153024K
  class space    used 14904K, capacity 16200K, committed 16324K, reserved 1048576K
}

