# JRE version: OpenJDK Runtime Environment (11.0.11+9) (build 11.0.11+9-b60-7590822)
# Java VM: OpenJDK 64-Bit Server VM (11.0.11+9-b60-7590822, mixed mode, tiered, compressed oops, g1 gc, windows-amd64)
Heap:
 garbage-first heap   total 324608K, used 142682K [0x0000000080000000, 0x0000000100000000)
  region size 1024K, 2 young (2048K), 2 survivors (2048K)
 Metaspace       used 116103K, capacity 118911K, committed 120112K, reserved 1153024K
  class space    used 14819K, capacity 15901K, committed 16256K, reserved 1048576K
GC Heap History (20 events):
Event: 9188.524 GC heap after
{Heap after GC invocations=187 (full 0):
 garbage-first heap   total 189440K, used 167165K [0x0000000080000000, 0x0000000100000000)
  region size 1024K, 2 young (2048K), 2 survivors (2048K)
 Metaspace       used 114952K, capacity 118148K, committed 118192K, reserved 1150976K
  class space    used 14669K, capacity 15839K, committed 15872K, reserved 1048576K
}
Event: 9190.062 GC heap before
{Heap before GC invocations=187 (full 0):
 garbage-first heap   total 189440K, used 173309K [0x0000000080000000, 0x0000000100000000)
  region size 1024K, 9 young (9216K), 2 survivors (2048K)
 Metaspace       used 114952K, capacity 118148K, committed 118192K, reserved 1150976K
  class space    used 14669K, capacity 15839K, committed 15872K, reserved 1048576K
}
Event: 9190.067 GC heap after
{Heap after GC invocations=188 (full 0):
 garbage-first heap   total 189440K, used 167959K [0x0000000080000000, 0x0000000100000000)
  region size 1024K, 2 young (2048K), 2 survivors (2048K)
 Metaspace       used 114952K, capacity 118148K, committed 118192K, reserved 1150976K
  class space    used 14669K, capacity 15839K, committed 15872K, reserved 1048576K
}
Event: 9190.632 GC heap before
{Heap before GC invocations=188 (full 0):
 garbage-first heap   total 189440K, used 174103K [0x0000000080000000, 0x0000000100000000)
  region size 1024K, 9 young (9216K), 2 survivors (2048K)
 Metaspace       used 114959K, capacity 118154K, committed 118192K, reserved 1150976K
  class space    used 14670K, capacity 15840K, committed 15872K, reserved 1048576K
}
Event: 9190.638 GC heap after
{Heap after GC invocations=189 (full 0):
 garbage-first heap   total 189440K, used 169318K [0x0000000080000000, 0x0000000100000000)
  region size 1024K, 2 young (2048K), 2 survivors (2048K)
 Metaspace       used 114959K, capacity 118154K, committed 118192K, reserved 1150976K
  class space    used 14670K, capacity 15840K, committed 15872K, reserved 1048576K
}
Event: 9195.285 GC heap before
{Heap before GC invocations=189 (full 0):
 garbage-first heap   total 189440K, used 175462K [0x0000000080000000, 0x0000000100000000)
  region size 1024K, 9 young (9216K), 2 survivors (2048K)
 Metaspace       used 115161K, capacity 118378K, committed 118448K, reserved 1153024K
  class space    used 14699K, capacity 15872K, committed 15872K, reserved 1048576K
}
Event: 9195.310 GC heap after
{Heap after GC invocations=190 (full 0):
 garbage-first heap   total 189440K, used 170104K [0x0000000080000000, 0x0000000100000000)
  region size 1024K, 1 young (1024K), 1 survivors (1024K)
 Metaspace       used 115161K, capacity 118378K, committed 118448K, reserved 1153024K
  class space    used 14699K, capacity 15872K, committed 15872K, reserved 1048576K
}
Event: 9200.303 GC heap before
{Heap before GC invocations=190 (full 0):
 garbage-first heap   total 189440K, used 177272K [0x0000000080000000, 0x0000000100000000)
  region size 1024K, 9 young (9216K), 1 survivors (1024K)
 Metaspace       used 115187K, capacity 118380K, committed 118448K, reserved 1153024K
  class space    used 14700K, capacity 15872K, committed 15872K, reserved 1048576K
}
Event: 9200.595 GC heap after
{Heap after GC invocations=191 (full 0):
 garbage-first heap   total 189440K, used 170892K [0x0000000080000000, 0x0000000100000000)
  region size 1024K, 2 young (2048K), 2 survivors (2048K)
 Metaspace       used 115187K, capacity 118380K, committed 118448K, reserved 1153024K
  class space    used 14700K, capacity 15872K, committed 15872K, reserved 1048576K
}
Event: 9209.049 GC heap before
{Heap before GC invocations=191 (full 0):
 garbage-first heap   total 189440K, used 178060K [0x0000000080000000, 0x0000000100000000)
  region size 1024K, 9 young (9216K), 2 survivors (2048K)
 Metaspace       used 115568K, capacity 118795K, committed 118832K, reserved 1153024K
  class space    used 14777K, capacity 15967K, committed 16000K, reserved 1048576K
}
Event: 9209.062 GC heap after
{Heap after GC invocations=192 (full 0):
 garbage-first heap   total 189440K, used 171533K [0x0000000080000000, 0x0000000100000000)
  region size 1024K, 2 young (2048K), 2 survivors (2048K)
 Metaspace       used 115568K, capacity 118795K, committed 118832K, reserved 1153024K
  class space    used 14777K, capacity 15967K, committed 16000K, reserved 1048576K
}
Event: 9219.391 GC heap before
{Heap before GC invocations=193 (full 0):
 garbage-first heap   total 189440K, used 178701K [0x0000000080000000, 0x0000000100000000)
  region size 1024K, 9 young (9216K), 2 survivors (2048K)
 Metaspace       used 114942K, capacity 117732K, committed 118832K, reserved 1153024K
  class space    used 14637K, capacity 15709K, committed 16000K, reserved 1048576K
}
Event: 9219.398 GC heap after
{Heap after GC invocations=194 (full 0):
 garbage-first heap   total 189440K, used 171646K [0x0000000080000000, 0x0000000100000000)
  region size 1024K, 1 young (1024K), 1 survivors (1024K)
 Metaspace       used 114942K, capacity 117732K, committed 118832K, reserved 1153024K
  class space    used 14637K, capacity 15709K, committed 16000K, reserved 1048576K
}
Event: 9226.202 GC heap before
{Heap before GC invocations=194 (full 0):
 garbage-first heap   total 189440K, used 179838K [0x0000000080000000, 0x0000000100000000)
  region size 1024K, 9 young (9216K), 1 survivors (1024K)
 Metaspace       used 115727K, capacity 118525K, committed 119728K, reserved 1153024K
  class space    used 14761K, capacity 15822K, committed 16128K, reserved 1048576K
}
Event: 9226.268 GC heap after
{Heap after GC invocations=195 (full 0):
 garbage-first heap   total 189440K, used 158302K [0x0000000080000000, 0x0000000100000000)
  region size 1024K, 1 young (1024K), 1 survivors (1024K)
 Metaspace       used 115727K, capacity 118525K, committed 119728K, reserved 1153024K
  class space    used 14761K, capacity 15822K, committed 16128K, reserved 1048576K
}
Event: 9229.437 GC heap before
{Heap before GC invocations=195 (full 0):
 garbage-first heap   total 189440K, used 166494K [0x0000000080000000, 0x0000000100000000)
  region size 1024K, 9 young (9216K), 1 survivors (1024K)
 Metaspace       used 116046K, capacity 118847K, committed 119856K, reserved 1153024K
  class space    used 14812K, capacity 15901K, committed 16256K, reserved 1048576K
}
Event: 9229.846 GC heap after
{Heap after GC invocations=196 (full 0):
 garbage-first heap   total 189440K, used 149466K [0x0000000080000000, 0x0000000100000000)
  region size 1024K, 2 young (2048K), 2 survivors (2048K)
 Metaspace       used 116046K, capacity 118847K, committed 119856K, reserved 1153024K
  class space    used 14812K, capacity 15901K, committed 16256K, reserved 1048576K
}
Event: 9232.393 GC heap before
{Heap before GC invocations=196 (full 0):
 garbage-first heap   total 189440K, used 155610K [0x0000000080000000, 0x0000000100000000)
  region size 1024K, 9 young (9216K), 2 survivors (2048K)
 Metaspace       used 116101K, capacity 118911K, committed 120112K, reserved 1153024K
  class space    used 14819K, capacity 15901K, committed 16256K, reserved 1048576K
}
Event: 9232.672 GC heap after
{Heap after GC invocations=197 (full 0):
 garbage-first heap   total 189440K, used 145875K [0x0000000080000000, 0x0000000100000000)
  region size 1024K, 2 young (2048K), 2 survivors (2048K)
 Metaspace       used 116101K, capacity 118911K, committed 120112K, reserved 1153024K
  class space    used 14819K, capacity 15901K, committed 16256K, reserved 1048576K
}
Event: 9233.913 GC heap before
{Heap before GC invocations=197 (full 0):
 garbage-first heap   total 189440K, used 152019K [0x0000000080000000, 0x0000000100000000)
  region size 1024K, 9 young (9216K), 2 survivors (2048K)
 Metaspace       used 116103K, capacity 118911K, committed 120112K, reserved 1153024K
  class space    used 14819K, capacity 15901K, committed 16256K, reserved 1048576K
}

