# JRE version: OpenJDK Runtime Environment (11.0.11+9) (build 11.0.11+9-b60-7590822)
# Java VM: OpenJDK 64-Bit Server VM (11.0.11+9-b60-7590822, mixed mode, tiered, compressed oops, g1 gc, windows-amd64)
Heap:
 garbage-first heap   total 227328K, used 157604K [0x0000000080000000, 0x0000000100000000)
  region size 1024K, 33 young (33792K), 7 survivors (7168K)
 Metaspace       used 113777K, capacity 116832K, committed 117248K, reserved 1150976K
  class space    used 14808K, capacity 15997K, committed 16128K, reserved 1048576K
GC Heap History (20 events):
Event: 46.008 GC heap before
{Heap before GC invocations=34 (full 0):
 garbage-first heap   total 189440K, used 157565K [0x0000000080000000, 0x0000000100000000)
  region size 1024K, 44 young (45056K), 4 survivors (4096K)
 Metaspace       used 97448K, capacity 99918K, committed 100096K, reserved 1136640K
  class space    used 12540K, capacity 13471K, committed 13568K, reserved 1048576K
}
Event: 46.022 GC heap after
{Heap after GC invocations=35 (full 0):
 garbage-first heap   total 189440K, used 121502K [0x0000000080000000, 0x0000000100000000)
  region size 1024K, 6 young (6144K), 6 survivors (6144K)
 Metaspace       used 97448K, capacity 99918K, committed 100096K, reserved 1136640K
  class space    used 12540K, capacity 13471K, committed 13568K, reserved 1048576K
}
Event: 46.180 GC heap before
{Heap before GC invocations=35 (full 0):
 garbage-first heap   total 189440K, used 123550K [0x0000000080000000, 0x0000000100000000)
  region size 1024K, 9 young (9216K), 6 survivors (6144K)
 Metaspace       used 97460K, capacity 99923K, committed 100096K, reserved 1136640K
  class space    used 12541K, capacity 13472K, committed 13568K, reserved 1048576K
}
Event: 46.196 GC heap after
{Heap after GC invocations=36 (full 0):
 garbage-first heap   total 189440K, used 118971K [0x0000000080000000, 0x0000000100000000)
  region size 1024K, 1 young (1024K), 1 survivors (1024K)
 Metaspace       used 97460K, capacity 99923K, committed 100096K, reserved 1136640K
  class space    used 12541K, capacity 13472K, committed 13568K, reserved 1048576K
}
Event: 46.225 GC heap before
{Heap before GC invocations=36 (full 0):
 garbage-first heap   total 189440K, used 118971K [0x0000000080000000, 0x0000000100000000)
  region size 1024K, 2 young (2048K), 1 survivors (1024K)
 Metaspace       used 97460K, capacity 99923K, committed 100096K, reserved 1136640K
  class space    used 12541K, capacity 13472K, committed 13568K, reserved 1048576K
}
Event: 46.233 GC heap after
{Heap after GC invocations=37 (full 0):
 garbage-first heap   total 189440K, used 119126K [0x0000000080000000, 0x0000000100000000)
  region size 1024K, 2 young (2048K), 2 survivors (2048K)
 Metaspace       used 97460K, capacity 99923K, committed 100096K, reserved 1136640K
  class space    used 12541K, capacity 13472K, committed 13568K, reserved 1048576K
}
Event: 48.360 GC heap before
{Heap before GC invocations=38 (full 0):
 garbage-first heap   total 189440K, used 146774K [0x0000000080000000, 0x0000000100000000)
  region size 1024K, 28 young (28672K), 2 survivors (2048K)
 Metaspace       used 101124K, capacity 103705K, committed 103936K, reserved 1138688K
  class space    used 13047K, capacity 14048K, committed 14080K, reserved 1048576K
}
Event: 48.367 GC heap after
{Heap after GC invocations=39 (full 0):
 garbage-first heap   total 189440K, used 122555K [0x0000000080000000, 0x0000000100000000)
  region size 1024K, 3 young (3072K), 3 survivors (3072K)
 Metaspace       used 101124K, capacity 103705K, committed 103936K, reserved 1138688K
  class space    used 13047K, capacity 14048K, committed 14080K, reserved 1048576K
}
Event: 49.284 GC heap before
{Heap before GC invocations=39 (full 0):
 garbage-first heap   total 189440K, used 149179K [0x0000000080000000, 0x0000000100000000)
  region size 1024K, 30 young (30720K), 3 survivors (3072K)
 Metaspace       used 107062K, capacity 109996K, committed 110208K, reserved 1144832K
  class space    used 14051K, capacity 15211K, committed 15232K, reserved 1048576K
}
Event: 49.299 GC heap after
{Heap after GC invocations=40 (full 0):
 garbage-first heap   total 189440K, used 124541K [0x0000000080000000, 0x0000000100000000)
  region size 1024K, 4 young (4096K), 4 survivors (4096K)
 Metaspace       used 107062K, capacity 109996K, committed 110208K, reserved 1144832K
  class space    used 14051K, capacity 15211K, committed 15232K, reserved 1048576K
}
Event: 50.474 GC heap before
{Heap before GC invocations=41 (full 0):
 garbage-first heap   total 189440K, used 152189K [0x0000000080000000, 0x0000000100000000)
  region size 1024K, 32 young (32768K), 4 survivors (4096K)
 Metaspace       used 109538K, capacity 112697K, committed 112896K, reserved 1146880K
  class space    used 14371K, capacity 15611K, committed 15616K, reserved 1048576K
}
Event: 50.484 GC heap after
{Heap after GC invocations=42 (full 0):
 garbage-first heap   total 189440K, used 124028K [0x0000000080000000, 0x0000000100000000)
  region size 1024K, 2 young (2048K), 2 survivors (2048K)
 Metaspace       used 109538K, capacity 112697K, committed 112896K, reserved 1146880K
  class space    used 14371K, capacity 15611K, committed 15616K, reserved 1048576K
}
Event: 50.810 GC heap before
{Heap before GC invocations=42 (full 0):
 garbage-first heap   total 189440K, used 130172K [0x0000000080000000, 0x0000000100000000)
  region size 1024K, 9 young (9216K), 2 survivors (2048K)
 Metaspace       used 110433K, capacity 113663K, committed 113920K, reserved 1146880K
  class space    used 14541K, capacity 15799K, committed 15872K, reserved 1048576K
}
Event: 50.819 GC heap after
{Heap after GC invocations=43 (full 0):
 garbage-first heap   total 189440K, used 123315K [0x0000000080000000, 0x0000000100000000)
  region size 1024K, 1 young (1024K), 1 survivors (1024K)
 Metaspace       used 110433K, capacity 113663K, committed 113920K, reserved 1146880K
  class space    used 14541K, capacity 15799K, committed 15872K, reserved 1048576K
}
Event: 52.016 GC heap before
{Heap before GC invocations=43 (full 0):
 garbage-first heap   total 189440K, used 154035K [0x0000000080000000, 0x0000000100000000)
  region size 1024K, 31 young (31744K), 1 survivors (1024K)
 Metaspace       used 112199K, capacity 115429K, committed 115712K, reserved 1148928K
  class space    used 14750K, capacity 16017K, committed 16128K, reserved 1048576K
}
Event: 52.028 GC heap after
{Heap after GC invocations=44 (full 0):
 garbage-first heap   total 227328K, used 125900K [0x0000000080000000, 0x0000000100000000)
  region size 1024K, 4 young (4096K), 4 survivors (4096K)
 Metaspace       used 112199K, capacity 115429K, committed 115712K, reserved 1148928K
  class space    used 14750K, capacity 16017K, committed 16128K, reserved 1048576K
}
Event: 145.310 GC heap before
{Heap before GC invocations=45 (full 0):
 garbage-first heap   total 227328K, used 188364K [0x0000000080000000, 0x0000000100000000)
  region size 1024K, 48 young (49152K), 4 survivors (4096K)
 Metaspace       used 113307K, capacity 116441K, committed 116992K, reserved 1150976K
  class space    used 14800K, capacity 15983K, committed 16128K, reserved 1048576K
}
Event: 145.327 GC heap after
{Heap after GC invocations=46 (full 0):
 garbage-first heap   total 227328K, used 126833K [0x0000000080000000, 0x0000000100000000)
  region size 1024K, 6 young (6144K), 6 survivors (6144K)
 Metaspace       used 113307K, capacity 116441K, committed 116992K, reserved 1150976K
  class space    used 14800K, capacity 15983K, committed 16128K, reserved 1048576K
}
Event: 147.154 GC heap before
{Heap before GC invocations=46 (full 0):
 garbage-first heap   total 227328K, used 172913K [0x0000000080000000, 0x0000000100000000)
  region size 1024K, 52 young (53248K), 6 survivors (6144K)
 Metaspace       used 113639K, capacity 116749K, committed 117248K, reserved 1150976K
  class space    used 14805K, capacity 15992K, committed 16128K, reserved 1048576K
}
Event: 147.175 GC heap after
{Heap after GC invocations=47 (full 0):
 garbage-first heap   total 227328K, used 132004K [0x0000000080000000, 0x0000000100000000)
  region size 1024K, 7 young (7168K), 7 survivors (7168K)
 Metaspace       used 113639K, capacity 116749K, committed 117248K, reserved 1150976K
  class space    used 14805K, capacity 15992K, committed 16128K, reserved 1048576K
}

