# JRE version: OpenJDK Runtime Environment (11.0.11+9) (build 11.0.11+9-b60-7590822)
# Java VM: OpenJDK 64-Bit Server VM (11.0.11+9-b60-7590822, mixed mode, tiered, compressed oops, g1 gc, windows-amd64)
Heap:
 garbage-first heap   total 381952K, used 214430K [0x0000000080000000, 0x0000000100000000)
  region size 1024K, 2 young (2048K), 2 survivors (2048K)
 Metaspace       used 105269K, capacity 107516K, committed 107776K, reserved 1142784K
  class space    used 13354K, capacity 14211K, committed 14336K, reserved 1048576K
GC Heap History (20 events):
Event: 18.528 GC heap after
{Heap after GC invocations=20 (full 0):
 garbage-first heap   total 227328K, used 85952K [0x0000000080000000, 0x0000000100000000)
  region size 1024K, 14 young (14336K), 14 survivors (14336K)
 Metaspace       used 85814K, capacity 87906K, committed 88064K, reserved 1126400K
  class space    used 11158K, capacity 11957K, committed 12032K, reserved 1048576K
}
Event: 19.665 GC heap before
{Heap before GC invocations=20 (full 0):
 garbage-first heap   total 227328K, used 175040K [0x0000000080000000, 0x0000000100000000)
  region size 1024K, 102 young (104448K), 14 survivors (14336K)
 Metaspace       used 86355K, capacity 88464K, committed 88576K, reserved 1126400K
  class space    used 11182K, capacity 11981K, committed 12032K, reserved 1048576K
}
Event: 19.701 GC heap after
{Heap after GC invocations=21 (full 0):
 garbage-first heap   total 227328K, used 92405K [0x0000000080000000, 0x0000000100000000)
  region size 1024K, 9 young (9216K), 9 survivors (9216K)
 Metaspace       used 86355K, capacity 88464K, committed 88576K, reserved 1126400K
  class space    used 11182K, capacity 11981K, committed 12032K, reserved 1048576K
}
Event: 20.756 GC heap before
{Heap before GC invocations=21 (full 0):
 garbage-first heap   total 227328K, used 176373K [0x0000000080000000, 0x0000000100000000)
  region size 1024K, 92 young (94208K), 9 survivors (9216K)
 Metaspace       used 89975K, capacity 92112K, committed 92416K, reserved 1128448K
  class space    used 11648K, capacity 12465K, committed 12544K, reserved 1048576K
}
Event: 20.779 GC heap after
{Heap after GC invocations=22 (full 0):
 garbage-first heap   total 273408K, used 96196K [0x0000000080000000, 0x0000000100000000)
  region size 1024K, 6 young (6144K), 6 survivors (6144K)
 Metaspace       used 89975K, capacity 92112K, committed 92416K, reserved 1128448K
  class space    used 11648K, capacity 12465K, committed 12544K, reserved 1048576K
}
Event: 22.558 GC heap before
{Heap before GC invocations=22 (full 0):
 garbage-first heap   total 273408K, used 210884K [0x0000000080000000, 0x0000000100000000)
  region size 1024K, 114 young (116736K), 6 survivors (6144K)
 Metaspace       used 93902K, capacity 96060K, committed 96256K, reserved 1132544K
  class space    used 12131K, capacity 12974K, committed 13056K, reserved 1048576K
}
Event: 22.587 GC heap after
{Heap after GC invocations=23 (full 0):
 garbage-first heap   total 273408K, used 104388K [0x0000000080000000, 0x0000000100000000)
  region size 1024K, 11 young (11264K), 11 survivors (11264K)
 Metaspace       used 93902K, capacity 96060K, committed 96256K, reserved 1132544K
  class space    used 12131K, capacity 12974K, committed 13056K, reserved 1048576K
}
Event: 24.171 GC heap before
{Heap before GC invocations=23 (full 0):
 garbage-first heap   total 273408K, used 228292K [0x0000000080000000, 0x0000000100000000)
  region size 1024K, 120 young (122880K), 11 survivors (11264K)
 Metaspace       used 97076K, capacity 99371K, committed 99584K, reserved 1136640K
  class space    used 12368K, capacity 13220K, committed 13312K, reserved 1048576K
}
Event: 24.201 GC heap after
{Heap after GC invocations=24 (full 0):
 garbage-first heap   total 273408K, used 125619K [0x0000000080000000, 0x0000000100000000)
  region size 1024K, 11 young (11264K), 11 survivors (11264K)
 Metaspace       used 97076K, capacity 99371K, committed 99584K, reserved 1136640K
  class space    used 12368K, capacity 13220K, committed 13312K, reserved 1048576K
}
Event: 24.242 GC heap before
{Heap before GC invocations=24 (full 0):
 garbage-first heap   total 273408K, used 134835K [0x0000000080000000, 0x0000000100000000)
  region size 1024K, 14 young (14336K), 11 survivors (11264K)
 Metaspace       used 97076K, capacity 99371K, committed 99584K, reserved 1136640K
  class space    used 12368K, capacity 13220K, committed 13312K, reserved 1048576K
}
Event: 24.254 GC heap after
{Heap after GC invocations=25 (full 0):
 garbage-first heap   total 273408K, used 136839K [0x0000000080000000, 0x0000000100000000)
  region size 1024K, 3 young (3072K), 3 survivors (3072K)
 Metaspace       used 97076K, capacity 99371K, committed 99584K, reserved 1136640K
  class space    used 12368K, capacity 13220K, committed 13312K, reserved 1048576K
}
Event: 24.862 GC heap before
{Heap before GC invocations=26 (full 0):
 garbage-first heap   total 273408K, used 193159K [0x0000000080000000, 0x0000000100000000)
  region size 1024K, 32 young (32768K), 3 survivors (3072K)
 Metaspace       used 101773K, capacity 104052K, committed 104320K, reserved 1140736K
  class space    used 12987K, capacity 13844K, committed 13952K, reserved 1048576K
}
Event: 24.869 GC heap after
{Heap after GC invocations=27 (full 0):
 garbage-first heap   total 273408K, used 157319K [0x0000000080000000, 0x0000000100000000)
  region size 1024K, 9 young (9216K), 9 survivors (9216K)
 Metaspace       used 101773K, capacity 104052K, committed 104320K, reserved 1140736K
  class space    used 12987K, capacity 13844K, committed 13952K, reserved 1048576K
}
Event: 25.525 GC heap before
{Heap before GC invocations=28 (full 0):
 garbage-first heap   total 273408K, used 228999K [0x0000000080000000, 0x0000000100000000)
  region size 1024K, 61 young (62464K), 9 survivors (9216K)
 Metaspace       used 103550K, capacity 105795K, committed 105984K, reserved 1140736K
  class space    used 13199K, capacity 14064K, committed 14080K, reserved 1048576K
}
Event: 25.601 GC heap after
{Heap after GC invocations=29 (full 0):
 garbage-first heap   total 273408K, used 185436K [0x0000000080000000, 0x0000000100000000)
  region size 1024K, 8 young (8192K), 8 survivors (8192K)
 Metaspace       used 103550K, capacity 105795K, committed 105984K, reserved 1140736K
  class space    used 13199K, capacity 14064K, committed 14080K, reserved 1048576K
}
Event: 26.038 GC heap before
{Heap before GC invocations=29 (full 0):
 garbage-first heap   total 273408K, used 223324K [0x0000000080000000, 0x0000000100000000)
  region size 1024K, 42 young (43008K), 8 survivors (8192K)
 Metaspace       used 104870K, capacity 107112K, committed 107136K, reserved 1142784K
  class space    used 13335K, capacity 14205K, committed 14208K, reserved 1048576K
}
Event: 26.094 GC heap after
{Heap after GC invocations=30 (full 0):
 garbage-first heap   total 273408K, used 199361K [0x0000000080000000, 0x0000000100000000)
  region size 1024K, 6 young (6144K), 6 survivors (6144K)
 Metaspace       used 104870K, capacity 107112K, committed 107136K, reserved 1142784K
  class space    used 13335K, capacity 14205K, committed 14208K, reserved 1048576K
}
Event: 26.393 GC heap before
{Heap before GC invocations=31 (full 0):
 garbage-first heap   total 273408K, used 225985K [0x0000000080000000, 0x0000000100000000)
  region size 1024K, 31 young (31744K), 6 survivors (6144K)
 Metaspace       used 105217K, capacity 107513K, committed 107776K, reserved 1142784K
  class space    used 13351K, capacity 14210K, committed 14336K, reserved 1048576K
}
Event: 26.453 GC heap after
{Heap after GC invocations=32 (full 0):
 garbage-first heap   total 273408K, used 211968K [0x0000000080000000, 0x0000000100000000)
  region size 1024K, 4 young (4096K), 4 survivors (4096K)
 Metaspace       used 105217K, capacity 107513K, committed 107776K, reserved 1142784K
  class space    used 13351K, capacity 14210K, committed 14336K, reserved 1048576K
}
Event: 26.484 GC heap before
{Heap before GC invocations=32 (full 0):
 garbage-first heap   total 273408K, used 212992K [0x0000000080000000, 0x0000000100000000)
  region size 1024K, 7 young (7168K), 4 survivors (4096K)
 Metaspace       used 105269K, capacity 107516K, committed 107776K, reserved 1142784K
  class space    used 13354K, capacity 14211K, committed 14336K, reserved 1048576K
}

