# JRE version: OpenJDK Runtime Environment (11.0.11+9) (build 11.0.11+9-b60-7590822)
# Java VM: OpenJDK 64-Bit Server VM (11.0.11+9-b60-7590822, mixed mode, tiered, compressed oops, g1 gc, windows-amd64)
Heap:
 garbage-first heap   total 418816K, used 236345K [0x0000000080000000, 0x0000000100000000)
  region size 1024K, 4 young (4096K), 4 survivors (4096K)
 Metaspace       used 107618K, capacity 110056K, committed 110268K, reserved 1144832K
  class space    used 13833K, capacity 14738K, committed 14796K, reserved 1048576K
GC Heap History (20 events):
Event: 23.618 GC heap after
{Heap after GC invocations=23 (full 0):
 garbage-first heap   total 227328K, used 98577K [0x0000000080000000, 0x0000000100000000)
  region size 1024K, 4 young (4096K), 4 survivors (4096K)
 Metaspace       used 91848K, capacity 93986K, committed 94140K, reserved 1130496K
  class space    used 11835K, capacity 12636K, committed 12748K, reserved 1048576K
}
Event: 24.910 GC heap before
{Heap before GC invocations=23 (full 0):
 garbage-first heap   total 227328K, used 182545K [0x0000000080000000, 0x0000000100000000)
  region size 1024K, 82 young (83968K), 4 survivors (4096K)
 Metaspace       used 93583K, capacity 95750K, committed 95932K, reserved 1132544K
  class space    used 12098K, capacity 12954K, committed 13004K, reserved 1048576K
}
Event: 24.929 GC heap after
{Heap after GC invocations=24 (full 0):
 garbage-first heap   total 227328K, used 106985K [0x0000000080000000, 0x0000000100000000)
  region size 1024K, 10 young (10240K), 10 survivors (10240K)
 Metaspace       used 93583K, capacity 95750K, committed 95932K, reserved 1132544K
  class space    used 12098K, capacity 12954K, committed 13004K, reserved 1048576K
}
Event: 25.756 GC heap before
{Heap before GC invocations=24 (full 0):
 garbage-first heap   total 227328K, used 182761K [0x0000000080000000, 0x0000000100000000)
  region size 1024K, 84 young (86016K), 10 survivors (10240K)
 Metaspace       used 96195K, capacity 98421K, committed 98748K, reserved 1134592K
  class space    used 12309K, capacity 13161K, committed 13260K, reserved 1048576K
}
Event: 25.778 GC heap after
{Heap after GC invocations=25 (full 0):
 garbage-first heap   total 227328K, used 110656K [0x0000000080000000, 0x0000000100000000)
  region size 1024K, 6 young (6144K), 6 survivors (6144K)
 Metaspace       used 96195K, capacity 98421K, committed 98748K, reserved 1134592K
  class space    used 12309K, capacity 13161K, committed 13260K, reserved 1048576K
}
Event: 26.286 GC heap before
{Heap before GC invocations=25 (full 0):
 garbage-first heap   total 227328K, used 145472K [0x0000000080000000, 0x0000000100000000)
  region size 1024K, 42 young (43008K), 6 survivors (6144K)
 Metaspace       used 97075K, capacity 99384K, committed 99516K, reserved 1136640K
  class space    used 12353K, capacity 13200K, committed 13260K, reserved 1048576K
}
Event: 26.303 GC heap after
{Heap after GC invocations=26 (full 0):
 garbage-first heap   total 227328K, used 113139K [0x0000000080000000, 0x0000000100000000)
  region size 1024K, 4 young (4096K), 4 survivors (4096K)
 Metaspace       used 97075K, capacity 99384K, committed 99516K, reserved 1136640K
  class space    used 12353K, capacity 13200K, committed 13260K, reserved 1048576K
}
Event: 27.113 GC heap before
{Heap before GC invocations=27 (full 0):
 garbage-first heap   total 227328K, used 167411K [0x0000000080000000, 0x0000000100000000)
  region size 1024K, 35 young (35840K), 4 survivors (4096K)
 Metaspace       used 102370K, capacity 104676K, committed 104892K, reserved 1140736K
  class space    used 13066K, capacity 13922K, committed 14028K, reserved 1048576K
}
Event: 27.130 GC heap after
{Heap after GC invocations=28 (full 0):
 garbage-first heap   total 227328K, used 144077K [0x0000000080000000, 0x0000000100000000)
  region size 1024K, 9 young (9216K), 9 survivors (9216K)
 Metaspace       used 102370K, capacity 104676K, committed 104892K, reserved 1140736K
  class space    used 13066K, capacity 13922K, committed 14028K, reserved 1048576K
}
Event: 27.687 GC heap before
{Heap before GC invocations=28 (full 0):
 garbage-first heap   total 227328K, used 225997K [0x0000000080000000, 0x0000000100000000)
  region size 1024K, 46 young (47104K), 9 survivors (9216K)
 Metaspace       used 103606K, capacity 105862K, committed 106044K, reserved 1140736K
  class space    used 13198K, capacity 14063K, committed 14156K, reserved 1048576K
}
Event: 27.713 GC heap after
{Heap after GC invocations=29 (full 0):
 garbage-first heap   total 250880K, used 180734K [0x0000000080000000, 0x0000000100000000)
  region size 1024K, 6 young (6144K), 6 survivors (6144K)
 Metaspace       used 103606K, capacity 105862K, committed 106044K, reserved 1140736K
  class space    used 13198K, capacity 14063K, committed 14156K, reserved 1048576K
}
Event: 27.846 GC heap before
{Heap before GC invocations=30 (full 0):
 garbage-first heap   total 250880K, used 198142K [0x0000000080000000, 0x0000000100000000)
  region size 1024K, 25 young (25600K), 6 survivors (6144K)
 Metaspace       used 103607K, capacity 105862K, committed 106044K, reserved 1140736K
  class space    used 13198K, capacity 14063K, committed 14156K, reserved 1048576K
}
Event: 27.872 GC heap after
{Heap after GC invocations=31 (full 0):
 garbage-first heap   total 301056K, used 190213K [0x0000000080000000, 0x0000000100000000)
  region size 1024K, 5 young (5120K), 5 survivors (5120K)
 Metaspace       used 103607K, capacity 105862K, committed 106044K, reserved 1140736K
  class space    used 13198K, capacity 14063K, committed 14156K, reserved 1048576K
}
Event: 28.484 GC heap before
{Heap before GC invocations=31 (full 0):
 garbage-first heap   total 301056K, used 231173K [0x0000000080000000, 0x0000000100000000)
  region size 1024K, 42 young (43008K), 5 survivors (5120K)
 Metaspace       used 104227K, capacity 106526K, committed 106556K, reserved 1142784K
  class space    used 13255K, capacity 14135K, committed 14156K, reserved 1048576K
}
Event: 28.535 GC heap after
{Heap after GC invocations=32 (full 0):
 garbage-first heap   total 301056K, used 205066K [0x0000000080000000, 0x0000000100000000)
  region size 1024K, 6 young (6144K), 6 survivors (6144K)
 Metaspace       used 104227K, capacity 106526K, committed 106556K, reserved 1142784K
  class space    used 13255K, capacity 14135K, committed 14156K, reserved 1048576K
}
Event: 28.667 GC heap before
{Heap before GC invocations=33 (full 0):
 garbage-first heap   total 301056K, used 224522K [0x0000000080000000, 0x0000000100000000)
  region size 1024K, 25 young (25600K), 6 survivors (6144K)
 Metaspace       used 104281K, capacity 106526K, committed 106556K, reserved 1142784K
  class space    used 13262K, capacity 14135K, committed 14156K, reserved 1048576K
}
Event: 28.712 GC heap after
{Heap after GC invocations=34 (full 0):
 garbage-first heap   total 301056K, used 215040K [0x0000000080000000, 0x0000000100000000)
  region size 1024K, 5 young (5120K), 5 survivors (5120K)
 Metaspace       used 104281K, capacity 106526K, committed 106556K, reserved 1142784K
  class space    used 13262K, capacity 14135K, committed 14156K, reserved 1048576K
}
Event: 30.465 GC heap before
{Heap before GC invocations=35 (full 0):
 garbage-first heap   total 301056K, used 241664K [0x0000000080000000, 0x0000000100000000)
  region size 1024K, 31 young (31744K), 5 survivors (5120K)
 Metaspace       used 107411K, capacity 109841K, committed 110012K, reserved 1144832K
  class space    used 13809K, capacity 14732K, committed 14796K, reserved 1048576K
}
Event: 30.513 GC heap after
{Heap after GC invocations=36 (full 0):
 garbage-first heap   total 301056K, used 224078K [0x0000000080000000, 0x0000000100000000)
  region size 1024K, 4 young (4096K), 4 survivors (4096K)
 Metaspace       used 107411K, capacity 109841K, committed 110012K, reserved 1144832K
  class space    used 13809K, capacity 14732K, committed 14796K, reserved 1048576K
}
Event: 30.761 GC heap before
{Heap before GC invocations=36 (full 0):
 garbage-first heap   total 301056K, used 246606K [0x0000000080000000, 0x0000000100000000)
  region size 1024K, 27 young (27648K), 4 survivors (4096K)
 Metaspace       used 107618K, capacity 110056K, committed 110268K, reserved 1144832K
  class space    used 13833K, capacity 14738K, committed 14796K, reserved 1048576K
}

