# JRE version: OpenJDK Runtime Environment (11.0.11+9) (build 11.0.11+9-b60-7590822)
# Java VM: OpenJDK 64-Bit Server VM (11.0.11+9-b60-7590822, mixed mode, tiered, compressed oops, g1 gc, windows-amd64)
Heap:
 garbage-first heap   total 189440K, used 134196K [0x0000000080000000, 0x0000000100000000)
  region size 1024K, 78 young (79872K), 11 survivors (11264K)
 Metaspace       used 76978K, capacity 78869K, committed 79104K, reserved 1118208K
  class space    used 9987K, capacity 10702K, committed 10752K, reserved 1048576K
GC Heap History (20 events):
Event: 8.068 GC heap before
{Heap before GC invocations=6 (full 0):
 garbage-first heap   total 131072K, used 67551K [0x0000000080000000, 0x0000000100000000)
  region size 1024K, 54 young (55296K), 5 survivors (5120K)
 Metaspace       used 25798K, capacity 26400K, committed 26624K, reserved 1073152K
  class space    used 3357K, capacity 3580K, committed 3584K, reserved 1048576K
}
Event: 8.080 GC heap after
{Heap after GC invocations=7 (full 0):
 garbage-first heap   total 131072K, used 19376K [0x0000000080000000, 0x0000000100000000)
  region size 1024K, 3 young (3072K), 3 survivors (3072K)
 Metaspace       used 25798K, capacity 26400K, committed 26624K, reserved 1073152K
  class space    used 3357K, capacity 3580K, committed 3584K, reserved 1048576K
}
Event: 9.660 GC heap before
{Heap before GC invocations=7 (full 0):
 garbage-first heap   total 131072K, used 75696K [0x0000000080000000, 0x0000000100000000)
  region size 1024K, 58 young (59392K), 3 survivors (3072K)
 Metaspace       used 32054K, capacity 32767K, committed 33024K, reserved 1077248K
  class space    used 4237K, capacity 4536K, committed 4608K, reserved 1048576K
}
Event: 9.673 GC heap after
{Heap after GC invocations=8 (full 0):
 garbage-first heap   total 131072K, used 21568K [0x0000000080000000, 0x0000000100000000)
  region size 1024K, 6 young (6144K), 6 survivors (6144K)
 Metaspace       used 32054K, capacity 32767K, committed 33024K, reserved 1077248K
  class space    used 4237K, capacity 4536K, committed 4608K, reserved 1048576K
}
Event: 10.157 GC heap before
{Heap before GC invocations=8 (full 0):
 garbage-first heap   total 131072K, used 28736K [0x0000000080000000, 0x0000000100000000)
  region size 1024K, 14 young (14336K), 6 survivors (6144K)
 Metaspace       used 35030K, capacity 35795K, committed 35968K, reserved 1081344K
  class space    used 4541K, capacity 4865K, committed 4992K, reserved 1048576K
}
Event: 10.174 GC heap after
{Heap after GC invocations=9 (full 0):
 garbage-first heap   total 131072K, used 23199K [0x0000000080000000, 0x0000000100000000)
  region size 1024K, 6 young (6144K), 6 survivors (6144K)
 Metaspace       used 35030K, capacity 35795K, committed 35968K, reserved 1081344K
  class space    used 4541K, capacity 4865K, committed 4992K, reserved 1048576K
}
Event: 11.762 GC heap before
{Heap before GC invocations=10 (full 0):
 garbage-first heap   total 131072K, used 86687K [0x0000000080000000, 0x0000000100000000)
  region size 1024K, 66 young (67584K), 6 survivors (6144K)
 Metaspace       used 39326K, capacity 40185K, committed 40448K, reserved 1085440K
  class space    used 5033K, capacity 5363K, committed 5376K, reserved 1048576K
}
Event: 11.784 GC heap after
{Heap after GC invocations=11 (full 0):
 garbage-first heap   total 157696K, used 27890K [0x0000000080000000, 0x0000000100000000)
  region size 1024K, 9 young (9216K), 9 survivors (9216K)
 Metaspace       used 39326K, capacity 40185K, committed 40448K, reserved 1085440K
  class space    used 5033K, capacity 5363K, committed 5376K, reserved 1048576K
}
Event: 13.316 GC heap before
{Heap before GC invocations=11 (full 0):
 garbage-first heap   total 157696K, used 98546K [0x0000000080000000, 0x0000000100000000)
  region size 1024K, 78 young (79872K), 9 survivors (9216K)
 Metaspace       used 44936K, capacity 46007K, committed 46208K, reserved 1089536K
  class space    used 5760K, capacity 6164K, committed 6272K, reserved 1048576K
}
Event: 13.334 GC heap after
{Heap after GC invocations=12 (full 0):
 garbage-first heap   total 157696K, used 30767K [0x0000000080000000, 0x0000000100000000)
  region size 1024K, 8 young (8192K), 8 survivors (8192K)
 Metaspace       used 44936K, capacity 46007K, committed 46208K, reserved 1089536K
  class space    used 5760K, capacity 6164K, committed 6272K, reserved 1048576K
}
Event: 15.740 GC heap before
{Heap before GC invocations=12 (full 0):
 garbage-first heap   total 157696K, used 124975K [0x0000000080000000, 0x0000000100000000)
  region size 1024K, 92 young (94208K), 8 survivors (8192K)
 Metaspace       used 48518K, capacity 49785K, committed 49920K, reserved 1093632K
  class space    used 6169K, capacity 6648K, committed 6656K, reserved 1048576K
}
Event: 15.775 GC heap after
{Heap after GC invocations=13 (full 0):
 garbage-first heap   total 157696K, used 52108K [0x0000000080000000, 0x0000000100000000)
  region size 1024K, 12 young (12288K), 12 survivors (12288K)
 Metaspace       used 48518K, capacity 49785K, committed 49920K, reserved 1093632K
  class space    used 6169K, capacity 6648K, committed 6656K, reserved 1048576K
}
Event: 17.282 GC heap before
{Heap before GC invocations=13 (full 0):
 garbage-first heap   total 157696K, used 116620K [0x0000000080000000, 0x0000000100000000)
  region size 1024K, 75 young (76800K), 12 survivors (12288K)
 Metaspace       used 57065K, capacity 58542K, committed 58752K, reserved 1099776K
  class space    used 7209K, capacity 7737K, committed 7808K, reserved 1048576K
}
Event: 17.308 GC heap after
{Heap after GC invocations=14 (full 0):
 garbage-first heap   total 157696K, used 55613K [0x0000000080000000, 0x0000000100000000)
  region size 1024K, 3 young (3072K), 3 survivors (3072K)
 Metaspace       used 57065K, capacity 58542K, committed 58752K, reserved 1099776K
  class space    used 7209K, capacity 7737K, committed 7808K, reserved 1048576K
}
Event: 17.717 GC heap before
{Heap before GC invocations=14 (full 0):
 garbage-first heap   total 157696K, used 64829K [0x0000000080000000, 0x0000000100000000)
  region size 1024K, 13 young (13312K), 3 survivors (3072K)
 Metaspace       used 58718K, capacity 60180K, committed 60288K, reserved 1101824K
  class space    used 7435K, capacity 8008K, committed 8064K, reserved 1048576K
}
Event: 17.729 GC heap after
{Heap after GC invocations=15 (full 0):
 garbage-first heap   total 189440K, used 55816K [0x0000000080000000, 0x0000000100000000)
  region size 1024K, 4 young (4096K), 4 survivors (4096K)
 Metaspace       used 58718K, capacity 60180K, committed 60288K, reserved 1101824K
  class space    used 7435K, capacity 8008K, committed 8064K, reserved 1048576K
}
Event: 19.801 GC heap before
{Heap before GC invocations=16 (full 0):
 garbage-first heap   total 189440K, used 130568K [0x0000000080000000, 0x0000000100000000)
  region size 1024K, 76 young (77824K), 4 survivors (4096K)
 Metaspace       used 65711K, capacity 67258K, committed 67328K, reserved 1107968K
  class space    used 8316K, capacity 8903K, committed 8960K, reserved 1048576K
}
Event: 19.815 GC heap after
{Heap after GC invocations=17 (full 0):
 garbage-first heap   total 189440K, used 60656K [0x0000000080000000, 0x0000000100000000)
  region size 1024K, 8 young (8192K), 8 survivors (8192K)
 Metaspace       used 65711K, capacity 67258K, committed 67328K, reserved 1107968K
  class space    used 8316K, capacity 8903K, committed 8960K, reserved 1048576K
}
Event: 21.011 GC heap before
{Heap before GC invocations=17 (full 0):
 garbage-first heap   total 189440K, used 135408K [0x0000000080000000, 0x0000000100000000)
  region size 1024K, 81 young (82944K), 8 survivors (8192K)
 Metaspace       used 69224K, capacity 70792K, committed 70912K, reserved 1110016K
  class space    used 8744K, capacity 9371K, committed 9472K, reserved 1048576K
}
Event: 21.043 GC heap after
{Heap after GC invocations=18 (full 0):
 garbage-first heap   total 189440K, used 66612K [0x0000000080000000, 0x0000000100000000)
  region size 1024K, 11 young (11264K), 11 survivors (11264K)
 Metaspace       used 69224K, capacity 70792K, committed 70912K, reserved 1110016K
  class space    used 8744K, capacity 9371K, committed 9472K, reserved 1048576K
}

